[    0.000000] Linux version 4.15.0-213-generic (buildd@lcy02-amd64-079) (gcc version 7.5.0 (Ubuntu 7.5.0-3ubuntu1~18.04)) #224-Ubuntu SMP Mon Jun 19 13:30:12 UTC 2023 (Ubuntu 4.15.0-213.224-generic 4.15.18)
[    0.000000] Command line: BOOT_IMAGE=/boot/vmlinuz-4.15.0-213-generic root=UUID=26eacf34-3d55-4484-99e3-35579ece49a8 ro console=tty1 console=ttyS0
[    0.000000] KERNEL supported cpus:
[    0.000000]   Intel GenuineIntel
[    0.000000]   AMD AuthenticAMD
[    0.000000]   Centaur CentaurHauls
[    0.000000] x86/fpu: x87 FPU will use FXSAVE
[    0.000000] e820: BIOS-provided physical RAM map:
[    0.000000] BIOS-e820: [mem 0x0000000000000000-0x000000000009fbff] usable
[    0.000000] BIOS-e820: [mem 0x000000000009fc00-0x000000000009ffff] reserved
[    0.000000] BIOS-e820: [mem 0x00000000000f0000-0x00000000000fffff] reserved
[    0.000000] BIOS-e820: [mem 0x0000000000100000-0x000000003ffeffff] usable
[    0.000000] BIOS-e820: [mem 0x000000003fff0000-0x000000003fffffff] ACPI data
[    0.000000] BIOS-e820: [mem 0x00000000fec00000-0x00000000fec00fff] reserved
[    0.000000] BIOS-e820: [mem 0x00000000fee00000-0x00000000fee00fff] reserved
[    0.000000] BIOS-e820: [mem 0x00000000fffc0000-0x00000000ffffffff] reserved
[    0.000000] NX (Execute Disable) protection: active
[    0.000000] SMBIOS 2.5 present.
[    0.000000] DMI: innotek GmbH VirtualBox/VirtualBox, BIOS VirtualBox 12/01/2006
[    0.000000] Hypervisor detected: KVM
[    0.000000] e820: last_pfn = 0x3fff0 max_arch_pfn = 0x400000000
[    0.000000] MTRR: Disabled
[    0.000000] x86/PAT: MTRRs disabled, skipping PAT initialization too.
[    0.000000] CPU MTRRs all blank - virtualized system.
[    0.000000] x86/PAT: Configuration [0-7]: WB  WT  UC- UC  WB  WT  UC- UC  
[    0.000000] found SMP MP-table at [mem 0x0009fff0-0x0009ffff]
[    0.000000] Scanning 1 areas for low memory corruption
[    0.000000] RAMDISK: [mem 0x35819000-0x36c03fff]
[    0.000000] ACPI: Early table checksum verification disabled
[    0.000000] ACPI: RSDP 0x00000000000E0000 000024 (v02 VBOX  )
[    0.000000] ACPI: XSDT 0x000000003FFF0030 00003C (v01 VBOX   VBOXXSDT 00000001 ASL  00000061)
[    0.000000] ACPI: FACP 0x000000003FFF00F0 0000F4 (v04 VBOX   VBOXFACP 00000001 ASL  00000061)
[    0.000000] ACPI: DSDT 0x000000003FFF0610 002353 (v02 VBOX   VBOXBIOS 00000002 INTL 20100528)
[    0.000000] ACPI: FACS 0x000000003FFF0200 000040
[    0.000000] ACPI: FACS 0x000000003FFF0200 000040
[    0.000000] ACPI: APIC 0x000000003FFF0240 00005C (v02 VBOX   VBOXAPIC 00000001 ASL  00000061)
[    0.000000] ACPI: SSDT 0x000000003FFF02A0 00036C (v01 VBOX   VBOXCPUT 00000002 INTL 20100528)
[    0.000000] ACPI: Reserving FACP table memory at [mem 0x3fff00f0-0x3fff01e3]
[    0.000000] ACPI: Reserving DSDT table memory at [mem 0x3fff0610-0x3fff2962]
[    0.000000] ACPI: Reserving FACS table memory at [mem 0x3fff0200-0x3fff023f]
[    0.000000] ACPI: Reserving FACS table memory at [mem 0x3fff0200-0x3fff023f]
[    0.000000] ACPI: Reserving APIC table memory at [mem 0x3fff0240-0x3fff029b]
[    0.000000] ACPI: Reserving SSDT table memory at [mem 0x3fff02a0-0x3fff060b]
[    0.000000] No NUMA configuration found
[    0.000000] Faking a node at [mem 0x0000000000000000-0x000000003ffeffff]
[    0.000000] NODE_DATA(0) allocated [mem 0x3ffc5000-0x3ffeffff]
[    0.000000] kvm-clock: cpu 0, msr 0:3ff44001, primary cpu clock
[    0.000000] kvm-clock: Using msrs 4b564d01 and 4b564d00
[    0.000000] kvm-clock: using sched offset of 3326795122 cycles
[    0.000000] clocksource: kvm-clock: mask: 0xffffffffffffffff max_cycles: 0x1cd42e4dffb, max_idle_ns: 881590591483 ns
[    0.000000] Zone ranges:
[    0.000000]   DMA      [mem 0x0000000000001000-0x0000000000ffffff]
[    0.000000]   DMA32    [mem 0x0000000001000000-0x000000003ffeffff]
[    0.000000]   Normal   empty
[    0.000000]   Device   empty
[    0.000000] Movable zone start for each node
[    0.000000] Early memory node ranges
[    0.000000]   node   0: [mem 0x0000000000001000-0x000000000009efff]
[    0.000000]   node   0: [mem 0x0000000000100000-0x000000003ffeffff]
[    0.000000] Reserved but unavailable: 104 pages
[    0.000000] Initmem setup node 0 [mem 0x0000000000001000-0x000000003ffeffff]
[    0.000000] ACPI: PM-Timer IO Port: 0x4008
[    0.000000] IOAPIC[0]: apic_id 2, version 32, address 0xfec00000, GSI 0-23
[    0.000000] ACPI: INT_SRC_OVR (bus 0 bus_irq 0 global_irq 2 dfl dfl)
[    0.000000] ACPI: INT_SRC_OVR (bus 0 bus_irq 9 global_irq 9 low level)
[    0.000000] Using ACPI (MADT) for SMP configuration information
[    0.000000] smpboot: Allowing 2 CPUs, 0 hotplug CPUs
[    0.000000] PM: Registered nosave memory: [mem 0x00000000-0x00000fff]
[    0.000000] PM: Registered nosave memory: [mem 0x0009f000-0x0009ffff]
[    0.000000] PM: Registered nosave memory: [mem 0x000a0000-0x000effff]
[    0.000000] PM: Registered nosave memory: [mem 0x000f0000-0x000fffff]
[    0.000000] e820: [mem 0x40000000-0xfebfffff] available for PCI devices
[    0.000000] Booting paravirtualized kernel on KVM
[    0.000000] clocksource: refined-jiffies: mask: 0xffffffff max_cycles: 0xffffffff, max_idle_ns: 7645519600211568 ns
[    0.000000] setup_percpu: NR_CPUS:8192 nr_cpumask_bits:2 nr_cpu_ids:2 nr_node_ids:1
[    0.000000] percpu: Embedded 50 pages/cpu s167936 r8192 d28672 u1048576
[    0.000000] PV qspinlock hash table entries: 256 (order: 0, 4096 bytes)
[    0.000000] Built 1 zonelists, mobility grouping on.  Total pages: 257913
[    0.000000] Policy zone: DMA32
[    0.000000] Kernel command line: BOOT_IMAGE=/boot/vmlinuz-4.15.0-213-generic root=UUID=26eacf34-3d55-4484-99e3-35579ece49a8 ro console=tty1 console=ttyS0
[    0.000000] Memory: 981776K/1048120K available (12300K kernel code, 2477K rwdata, 4324K rodata, 2480K init, 2720K bss, 66344K reserved, 0K cma-reserved)
[    0.000000] SLUB: HWalign=64, Order=0-3, MinObjects=0, CPUs=2, Nodes=1
[    0.000000] ftrace: allocating 39508 entries in 155 pages
[    0.004000] Hierarchical RCU implementation.
[    0.004000] 	RCU restricting CPUs from NR_CPUS=8192 to nr_cpu_ids=2.
[    0.004000] 	Tasks RCU enabled.
[    0.004000] RCU: Adjusting geometry for rcu_fanout_leaf=16, nr_cpu_ids=2
[    0.004000] NR_IRQS: 524544, nr_irqs: 440, preallocated irqs: 16
[    0.004000] random: crng init done
[    0.004000] Console: colour VGA+ 80x25
[    0.004000] console [tty1] enabled
[    0.004000] console [ttyS0] enabled
[    0.004000] ACPI: Core revision 20170831
[    0.004000] ACPI: 2 ACPI AML tables successfully acquired and loaded
[    0.004000] APIC: Switch to symmetric I/O mode setup
[    0.004000] ..TIMER: vector=0x30 apic1=0 pin1=2 apic2=-1 pin2=-1
[    0.004005] tsc: Detected 2304.000 MHz processor
[    0.008009] Calibrating delay loop (skipped) preset value.. 4608.00 BogoMIPS (lpj=9216000)
[    0.012002] pid_max: default: 32768 minimum: 301
[    0.014658] Security Framework initialized
[    0.016002] Yama: becoming mindful.
[    0.020053] AppArmor: AppArmor initialized
[    0.025366] Dentry cache hash table entries: 131072 (order: 8, 1048576 bytes)
[    0.029148] Inode-cache hash table entries: 65536 (order: 7, 524288 bytes)
[    0.032044] Mount-cache hash table entries: 2048 (order: 2, 16384 bytes)
[    0.036042] Mountpoint-cache hash table entries: 2048 (order: 2, 16384 bytes)
[    0.041048] Last level iTLB entries: 4KB 0, 2MB 0, 4MB 0
[    0.044001] Last level dTLB entries: 4KB 0, 2MB 0, 4MB 0, 1GB 0
[    0.048003] Spectre V1 : Mitigation: usercopy/swapgs barriers and __user pointer sanitization
[    0.052002] Spectre V2 : Mitigation: Enhanced IBRS
[    0.056004] Spectre V2 : Spectre v2 / SpectreRSB mitigation: Filling RSB on context switch
[    0.060002] Spectre V2 : Spectre v2 / PBRSB-eIBRS: Retire a single CALL on VMEXIT
[    0.064001] RETBleed: Mitigation: Enhanced IBRS
[    0.068002] Speculative Store Bypass: Vulnerable
[    0.070695] Freeing SMP alternatives memory: 36K
[    0.184281] smpboot: CPU0: 11th Gen Intel(R) Core(TM) i7-11800H @ 2.30GHz (family: 0x6, model: 0x8d, stepping: 0x1)
[    0.188275] Performance Events: unsupported p6 CPU model 141 no PMU driver, software events only.
[    0.192063] Hierarchical SRCU implementation.
[    0.196583] NMI watchdog: Perf event create on CPU 0 failed with -2
[    0.200002] NMI watchdog: Perf NMI watchdog permanently disabled
[    0.204197] smp: Bringing up secondary CPUs ...
[    0.208387] x86: Booting SMP configuration:
[    0.210696] .... node  #0, CPUs:      #1
[    0.004000] kvm-clock: cpu 1, msr 0:3ff44041, secondary cpu clock
[    0.216000] TSC synchronization [CPU#0 -> CPU#1]:
[    0.216000] Measured 82356 cycles TSC warp between CPUs, turning off TSC clock.
[    0.216000] tsc: Marking TSC unstable due to check_tsc_sync_source failed
[    0.220003] smp: Brought up 1 node, 2 CPUs
[    0.222387] smpboot: Max logical packages: 1
[    0.224003] smpboot: Total of 2 processors activated (9216.00 BogoMIPS)
[    0.228342] devtmpfs: initialized
[    0.229842] x86/mm: Memory block size: 128MB
[    0.232236] evm: security.selinux
[    0.236002] evm: security.SMACK64
[    0.237755] evm: security.SMACK64EXEC
[    0.240046] evm: security.SMACK64TRANSMUTE
[    0.242292] evm: security.SMACK64MMAP
[    0.244002] evm: security.apparmor
[    0.245825] evm: security.ima
[    0.248001] evm: security.capability
[    0.250111] clocksource: jiffies: mask: 0xffffffff max_cycles: 0xffffffff, max_idle_ns: 7645041785100000 ns
[    0.252064] futex hash table entries: 512 (order: 3, 32768 bytes)
[    0.255240] pinctrl core: initialized pinctrl subsystem
[    0.256374] RTC time: 15:31:57, date: 07/11/23
[    0.260896] NET: Registered protocol family 16
[    0.264073] audit: initializing netlink subsys (disabled)
[    0.266955] audit: type=2000 audit(1689089522.142:1): state=initialized audit_enabled=0 res=1
[    0.272007] cpuidle: using governor ladder
[    0.276006] cpuidle: using governor menu
[    0.278226] ACPI: bus type PCI registered
[    0.280003] acpiphp: ACPI Hot Plug PCI Controller Driver version: 0.5
[    0.284332] PCI: Using configuration type 1 for base access
[    0.289084] HugeTLB registered 2.00 MiB page size, pre-allocated 0 pages
[    0.292275] ACPI: Added _OSI(Module Device)
[    0.296002] ACPI: Added _OSI(Processor Device)
[    0.300002] ACPI: Added _OSI(3.0 _SCP Extensions)
[    0.302467] ACPI: Added _OSI(Processor Aggregator Device)
[    0.304002] ACPI: Added _OSI(Linux-Dell-Video)
[    0.308002] ACPI: Added _OSI(Linux-Lenovo-NV-HDMI-Audio)
[    0.310797] ACPI: Added _OSI(Linux-HPI-Hybrid-Graphics)
[    0.312543] ACPI: Executed 1 blocks of module-level executable AML code
[    0.320588] ACPI: Interpreter enabled
[    0.322665] ACPI: (supports S0 S5)
[    0.324002] ACPI: Using IOAPIC for interrupt routing
[    0.326825] PCI: Using host bridge windows from ACPI; if necessary, use "pci=nocrs" and report a bug
[    0.328186] ACPI: Enabled 2 GPEs in block 00 to 07
[    0.338283] ACPI: PCI Root Bridge [PCI0] (domain 0000 [bus 00-ff])
[    0.340011] acpi PNP0A03:00: _OSC: OS supports [ASPM ClockPM Segments MSI]
[    0.344518] acpi PNP0A03:00: _OSC: not requesting OS control; OS requires [ExtendedConfig ASPM ClockPM MSI]
[    0.348010] acpi PNP0A03:00: fail to add MMCONFIG information, can't access extended PCI configuration space under this bridge.
[    0.352499] PCI host bridge to bus 0000:00
[    0.354738] pci_bus 0000:00: root bus resource [io  0x0000-0x0cf7 window]
[    0.356002] pci_bus 0000:00: root bus resource [io  0x0d00-0xffff window]
[    0.360002] pci_bus 0000:00: root bus resource [mem 0x000a0000-0x000bffff window]
[    0.364002] pci_bus 0000:00: root bus resource [mem 0x40000000-0xfdffffff window]
[    0.368002] pci_bus 0000:00: root bus resource [bus 00-ff]
[    0.378478] pci 0000:00:01.1: legacy IDE quirk: reg 0x10: [io  0x01f0-0x01f7]
[    0.380002] pci 0000:00:01.1: legacy IDE quirk: reg 0x14: [io  0x03f6]
[    0.384002] pci 0000:00:01.1: legacy IDE quirk: reg 0x18: [io  0x0170-0x0177]
[    0.388002] pci 0000:00:01.1: legacy IDE quirk: reg 0x1c: [io  0x0376]
[    0.405849] pci 0000:00:07.0: quirk: [io  0x4000-0x403f] claimed by PIIX4 ACPI
[    0.408032] pci 0000:00:07.0: quirk: [io  0x4100-0x410f] claimed by PIIX4 SMB
[    0.418708] ACPI: PCI Interrupt Link [LNKA] (IRQs 5 9 10 *11)
[    0.420364] ACPI: PCI Interrupt Link [LNKB] (IRQs 5 9 *10 11)
[    0.424135] ACPI: PCI Interrupt Link [LNKC] (IRQs 5 *9 10 11)
[    0.428147] ACPI: PCI Interrupt Link [LNKD] (IRQs 5 9 10 *11)
[    0.432513] SCSI subsystem initialized
[    0.436081] pci 0000:00:02.0: vgaarb: setting as boot VGA device
[    0.439306] pci 0000:00:02.0: vgaarb: VGA device added: decodes=io+mem,owns=io+mem,locks=none
[    0.440004] pci 0000:00:02.0: vgaarb: bridge control possible
[    0.443013] vgaarb: loaded
[    0.444047] ACPI: bus type USB registered
[    0.446238] usbcore: registered new interface driver usbfs
[    0.448018] usbcore: registered new interface driver hub
[    0.452006] usbcore: registered new device driver usb
[    0.456145] EDAC MC: Ver: 3.0.0
[    0.460151] PCI: Using ACPI for IRQ routing
[    0.462802] NetLabel: Initializing
[    0.464002] NetLabel:  domain hash size = 128
[    0.466270] NetLabel:  protocols = UNLABELED CIPSOv4 CALIPSO
[    0.468015] NetLabel:  unlabeled traffic allowed by default
[    0.472218] clocksource: Switched to clocksource kvm-clock
[    0.491579] VFS: Disk quotas dquot_6.6.0
[    0.491579] VFS: Dquot-cache hash table entries: 512 (order 0, 4096 bytes)
[    0.491579] AppArmor: AppArmor Filesystem Enabled
[    0.491579] pnp: PnP ACPI init
[    0.491579] pnp: PnP ACPI: found 3 devices
[    0.541509] clocksource: acpi_pm: mask: 0xffffff max_cycles: 0xffffff, max_idle_ns: 2085701024 ns
[    0.544324] NET: Registered protocol family 2
[    0.544324] IP idents hash table entries: 16384 (order: 5, 131072 bytes)
[    0.552884] TCP established hash table entries: 8192 (order: 4, 65536 bytes)
[    0.557116] TCP bind hash table entries: 8192 (order: 5, 131072 bytes)
[    0.561441] TCP: Hash tables configured (established 8192 bind 8192)
[    0.565135] UDP hash table entries: 512 (order: 2, 16384 bytes)
[    0.565135] UDP-Lite hash table entries: 512 (order: 2, 16384 bytes)
[    0.565135] NET: Registered protocol family 1
[    0.565135] pci 0000:00:00.0: Limiting direct PCI/PCI transfers
[    0.565135] pci 0000:00:01.0: Activating ISA DMA hang workarounds
[    0.565135] pci 0000:00:02.0: Video device with shadowed ROM at [mem 0x000c0000-0x000dffff]
[    0.565135] Unpacking initramfs...
[    0.565135] Freeing initrd memory: 20396K
[    0.565135] clocksource: tsc: mask: 0xffffffffffffffff max_cycles: 0x2135f7c97c8, max_idle_ns: 440795273205 ns
[    0.565135] platform rtc_cmos: registered platform RTC device (no PNP device found)
[    0.565135] Scanning for low memory corruption every 60 seconds
[    0.913172] Initialise system trusted keyrings
[    0.915497] Key type blacklist registered
[    0.918253] workingset: timestamp_bits=36 max_order=18 bucket_order=0
[    0.922792] zbud: loaded
[    0.924857] squashfs: version 4.0 (2009/01/31) Phillip Lougher
[    0.928808] fuse init (API version 7.26)
[    0.943328] Key type asymmetric registered
[    0.945702] Asymmetric key parser 'x509' registered
[    0.948250] Block layer SCSI generic (bsg) driver version 0.4 loaded (major 246)
[    0.952855] io scheduler noop registered
[    0.954951] io scheduler deadline registered
[    0.957377] io scheduler cfq registered (default)
[    0.960577] ACPI: AC Adapter [AC] (on-line)
[    0.963141] input: Power Button as /devices/LNXSYSTM:00/LNXPWRBN:00/input/input0
[    0.967433] ACPI: Power Button [PWRF]
[    0.969704] input: Sleep Button as /devices/LNXSYSTM:00/LNXSLPBN:00/input/input1
[    0.974266] ACPI: Sleep Button [SLPF]
[    0.977783] ACPI: Battery Slot [BAT0] (battery present)
[    0.981127] Serial: 8250/16550 driver, 32 ports, IRQ sharing enabled
[    1.009160] 00:02: ttyS0 at I/O 0x3f8 (irq = 4, base_baud = 115200) is a 16550A
[    1.021727] Linux agpgart interface v0.103
[    1.027431] loop: module loaded
[    1.030830] scsi host0: ata_piix
[    1.033346] scsi host1: ata_piix
[    1.035102] ata1: PATA max UDMA/33 cmd 0x1f0 ctl 0x3f6 bmdma 0xd000 irq 14
[    1.038783] ata2: PATA max UDMA/33 cmd 0x170 ctl 0x376 bmdma 0xd008 irq 15
[    1.042356] tun: Universal TUN/TAP device driver, 1.6
[    1.045505] PPP generic driver version 2.4.2
[    1.048192] ehci_hcd: USB 2.0 'Enhanced' Host Controller (EHCI) Driver
[    1.051820] ehci-pci: EHCI PCI platform driver
[    1.054278] ehci-platform: EHCI generic platform driver
[    1.057159] ohci_hcd: USB 1.1 'Open' Host Controller (OHCI) Driver
[    1.060454] ohci-pci: OHCI PCI platform driver
[    1.062736] ohci-platform: OHCI generic platform driver
[    1.065542] uhci_hcd: USB Universal Host Controller Interface driver
[    1.068778] i8042: PNP: PS/2 Controller [PNP0303:PS2K,PNP0f03:PS2M] at 0x60,0x64 irq 1,12
[    1.075105] serio: i8042 KBD port at 0x60,0x64 irq 1
[    1.077762] serio: i8042 AUX port at 0x60,0x64 irq 12
[    1.081247] mousedev: PS/2 mouse device common for all mice
[    1.087612] rtc_cmos rtc_cmos: rtc core: registered rtc_cmos as rtc0
[    1.091192] input: AT Translated Set 2 keyboard as /devices/platform/i8042/serio0/input/input2
[    1.096275] rtc_cmos rtc_cmos: alarms up to one day, 114 bytes nvram
[    1.099451] i2c /dev entries driver
[    1.101464] device-mapper: uevent: version 1.0.3
[    1.106068] device-mapper: ioctl: 4.37.0-ioctl (2017-09-20) initialised: dm-devel@redhat.com
[    1.111114] ledtrig-cpu: registered to indicate activity on CPUs
[    1.115577] NET: Registered protocol family 10
[    1.124735] Segment Routing with IPv6
[    1.126920] NET: Registered protocol family 17
[    1.129779] Key type dns_resolver registered
[    1.132588] mce: Using 0 MCE banks
[    1.134518] RAS: Correctable Errors collector initialized.
[    1.138428] sched_clock: Marking stable (1138350399, 0)->(1557684993, -419334594)
[    1.144614] registered taskstats version 1
[    1.146840] Loading compiled-in X.509 certificates
[    1.152274] Loaded X.509 cert 'Build time autogenerated kernel key: cdc7189136aaa35407544516090e2034d9c28e14'
[    1.157913] Loaded X.509 cert 'Canonical Ltd. Live Patch Signing: 14df34d1a87cf37625abec039ef2bf521249b969'
[    1.163518] Loaded X.509 cert 'Canonical Ltd. Kernel Module Signing: 88f752e560a1e0737e31163a466ad7b70a850c19'
[    1.168794] blacklist: Loading compiled-in revocation X.509 certificates
[    1.172398] Loaded X.509 cert 'Canonical Ltd. Secure Boot Signing: 61482aa2830d0ab2ad5af10b7250da9033ddcef0'
[    1.177617] Loaded X.509 cert 'Canonical Ltd. Secure Boot Signing (2017): 242ade75ac4a15e50d50c84b0d45ff3eae707a03'
[    1.182955] Loaded X.509 cert 'Canonical Ltd. Secure Boot Signing (ESM 2018): 365188c1d374d6b07c3c8f240f8ef722433d6a8b'
[    1.188533] Loaded X.509 cert 'Canonical Ltd. Secure Boot Signing (2019): c0746fd6c5da3ae827864651ad66ae47fe24b3e8'
[    1.193903] Loaded X.509 cert 'Canonical Ltd. Secure Boot Signing (2021 v1): a8d54bbb3825cfb94fa13c9f8a594a195c107b8d'
[    1.199446] Loaded X.509 cert 'Canonical Ltd. Secure Boot Signing (2021 v2): 4cf046892d6fd3c9a5b03f98d845f90851dc6a8c'
[    1.205028] Loaded X.509 cert 'Canonical Ltd. Secure Boot Signing (2021 v3): 100437bb6de6e469b581e61cd66bce3ef4ed53af'
[    1.210749] Loaded X.509 cert 'Canonical Ltd. Secure Boot Signing (Ubuntu Core 2019): c1d57b8f6b743f23ee41f4f7ee292f06eecadfb9'
[    1.216966] zswap: loaded using pool lzo/zbud
[    1.256667] Key type big_key registered
[    1.259564] Key type trusted registered
[    1.263769] Key type encrypted registered
[    1.266036] AppArmor: AppArmor sha1 policy hashing enabled
[    1.269021] ima: No TPM chip found, activating TPM-bypass! (rc=-19)
[    1.272406] ima: Allocated hash algorithm: sha1
[    1.274843] evm: HMAC attrs: 0x1
[    1.277071]   Magic number: 15:899:537
[    1.279239] tty ttyS17: hash matches
[    1.281751] rtc_cmos rtc_cmos: setting system clock to 2023-07-11 15:31:59 UTC (1689089519)
[    1.286280] BIOS EDD facility v0.16 2004-Jun-25, 0 devices found
[    1.289493] EDD information not available.
[    1.293720] Freeing unused kernel image memory: 2480K
[    1.323331] Write protecting the kernel read-only data: 20480k
[    1.327673] Freeing unused kernel image memory: 2008K
[    1.330651] Freeing unused kernel image memory: 1820K
[    1.336495] x86/mm: Checked W+X mappings: passed, no W+X pages found.
Loading, please wait...
starting version 237
[    1.387650] e1000: Intel(R) PRO/1000 Network Driver - version 7.3.21-k8-NAPI
[    1.392103] e1000: Copyright (c) 1999-2006 Intel Corporation.
[    1.400487] Fusion MPT base driver 3.04.20
[    1.403004] Copyright (c) 1999-2008 LSI Corporation
[    1.418387] SSE version of gcm_enc/dec engaged.
[    1.425297] Fusion MPT SPI Host driver 3.04.20
[    1.638245] input: ImExPS/2 Generic Explorer Mouse as /devices/platform/i8042/serio1/input/input4
[    1.930043] e1000 0000:00:03.0 eth0: (PCI:33MHz:32-bit) 02:c6:32:08:e7:11
[    1.934170] e1000 0000:00:03.0 eth0: Intel(R) PRO/1000 Network Connection
[    1.939843] e1000 0000:00:03.0 enp0s3: renamed from eth0
[    1.940391] mptbase: ioc0: Initiating bringup
[    2.053582] ioc0: LSI53C1030 A0: Capabilities={Initiator}
[    2.303336] scsi host2: ioc0: LSI53C1030 A0, FwRev=00000000h, Ports=1, MaxQ=256, IRQ=20
[    2.477152] scsi 2:0:0:0: Direct-Access     VBOX     HARDDISK         1.0  PQ: 0 ANSI: 5
[    2.512491] scsi target2:0:0: Beginning Domain Validation
[    2.521329] scsi target2:0:0: Domain Validation skipping write tests
[    2.525090] scsi target2:0:0: Ending Domain Validation
[    2.528563] scsi target2:0:0: asynchronous
[    2.533035] scsi 2:0:1:0: Direct-Access     VBOX     HARDDISK         1.0  PQ: 0 ANSI: 5
[    2.568494] scsi target2:0:1: Beginning Domain Validation
[    2.577076] scsi target2:0:1: Domain Validation skipping write tests
[    2.580722] scsi target2:0:1: Ending Domain Validation
[    2.584650] scsi target2:0:1: asynchronous
[    2.594789] sd 2:0:0:0: Attached scsi generic sg0 type 0
[    2.598211] sd 2:0:1:0: Attached scsi generic sg1 type 0
[    2.598771] sd 2:0:1:0: [sdb] 20480 512-byte logical blocks: (10.5 MB/10.0 MiB)
[    2.605908] sd 2:0:0:0: [sda] 83886080 512-byte logical blocks: (42.9 GB/40.0 GiB)
[    2.605987] sd 2:0:1:0: [sdb] Write Protect is off
[    2.613437] sd 2:0:0:0: [sda] Write Protect is off
[    2.613661] sd 2:0:1:0: [sdb] Incomplete mode parameter data
[    2.619374] sd 2:0:1:0: [sdb] Assuming drive cache: write through
[    2.623069] sd 2:0:0:0: [sda] Incomplete mode parameter data
[    2.626495] sd 2:0:0:0: [sda] Assuming drive cache: write through
[    2.634394]  sda: sda1
[    2.636490] sd 2:0:1:0: [sdb] Attached SCSI disk
[    2.641780] sd 2:0:0:0: [sda] Attached SCSI disk
Begin: Loading essential drivers ... [  439.783380] watchdog: BUG: soft lockup - CPU#0 stuck for 406s! [swapper/0:0]
[  439.783470] INFO: rcu_sched self-detected stall on CPU
[  439.787538] Modules linked in: raid6_pq(+) libcrc32c raid1 raid0 multipath linear crct10dif_pclmul crc32_pclmul ghash_clmulni_intel pcbc mptspi scsi_transport_spi mptscsih aesni_intel aes_x86_64 crypto_simd glue_helper cryptd mptbase psmouse e1000
[  439.790790] 	1-...!: (1 ticks this GP) idle=1b6/140000000000001/0 softirq=665/665 fqs=0 
[  439.802195] CPU: 0 PID: 0 Comm: swapper/0 Not tainted 4.15.0-213-generic #224-Ubuntu
[  439.807101] 	 (t=108861 jiffies g=-189 c=-190 q=492)
[  439.811369] Hardware name: innotek GmbH VirtualBox/VirtualBox, BIOS VirtualBox 12/01/2006
[  439.814683] rcu_sched kthread starved for 108861 jiffies! g18446744073709551427 c18446744073709551426 f0x0 RCU_GP_WAIT_FQS(3) ->state=0x402 ->cpu=1
[  439.819028] RIP: 0010:native_safe_halt+0x12/0x20
[  439.826831] rcu_sched       I    0     8      2 0x80000000
[  439.829332] RSP: 0018:ffffffffbb803e28 EFLAGS: 00010246 ORIG_RAX: ffffffffffffff11
[  439.832678] Call Trace:
[  439.837040] RAX: ffffffffbadcfa20 RBX: 0000000000000000 RCX: 0000000000000000
[  439.839021]  __schedule+0x24e/0x890
[  439.842823] RDX: 0000000000000000 RSI: 0000000000000000 RDI: 0000000000000000
[  439.845127]  schedule+0x2c/0x80
[  439.849368] RBP: ffffffffbb803e28 R08: 0000000000000002 R09: 0000000000000001
[  439.851745]  schedule_timeout+0x15d/0x370
[  439.855614] R10: 0000000000000000 R11: 0000000000000800 R12: 0000000000000000
[  439.855615] R13: 0000000000000000 R14: 0000000000000000 R15: 0000000000000000
[  439.858227]  ? __next_timer_interrupt+0xe0/0xe0
[  439.863305] FS:  0000000000000000(0000) GS:ffff8d7effc00000(0000) knlGS:0000000000000000
[  439.867552]  rcu_gp_kthread+0x53a/0x980
[  439.867555]  kthread+0x121/0x140
[  439.870341] CS:  0010 DS: 0000 ES: 0000 CR0: 0000000080050033
[  439.875354]  ? rcu_note_context_switch+0x150/0x150
[  439.877446] CR2: 000055fb0253b980 CR3: 000000002a80a005 CR4: 00000000000206f0
[  439.879642]  ? kthread_create_worker_on_cpu+0x70/0x70
[  439.882902] Call Trace:
[  439.886202]  ret_from_fork+0x1f/0x40
[  439.889978]  default_idle+0x20/0x100
[  439.893833] Sending NMI from CPU 1 to CPUs 0:
[  439.895318]  arch_cpu_idle+0x15/0x20
[  439.898747] NMI backtrace for cpu 0
[  439.898749] CPU: 0 PID: 0 Comm: swapper/0 Not tainted 4.15.0-213-generic #224-Ubuntu
[  439.898749] Hardware name: innotek GmbH VirtualBox/VirtualBox, BIOS VirtualBox 12/01/2006
[  439.898749] RIP: 0010:io_serial_out+0x1a/0x20
[  439.898749] RSP: 0018:ffff8d7effc03b90 EFLAGS: 00010002
[  439.898750] RAX: 000000000000005b RBX: ffffffffbbf16e60 RCX: 0000000000000000
[  439.898750] RDX: 00000000000003f8 RSI: 0000000000000000 RDI: ffffffffbbf16e60
[  439.898751] RBP: ffff8d7effc03b90 R08: 0000000000000000 R09: 0000000000000007
[  439.898751] R10: 0000000000000000 R11: ffffffffbbd6a80d R12: 000000000000005b
[  439.898751] R13: ffffffffbbd6a828 R14: ffffffffbbd6a801 R15: ffffffffbbf16e60
[  439.898751] FS:  0000000000000000(0000) GS:ffff8d7effc00000(0000) knlGS:0000000000000000
[  439.898751] CS:  0010 DS: 0000 ES: 0000 CR0: 0000000080050033
[  439.898752] CR2: 000055fb0253b980 CR3: 000000002a80a005 CR4: 00000000000206f0
[  439.898752] Call Trace:
[  439.898752]  <IRQ>
[  439.898752]  serial8250_console_putchar+0x2d/0x40
[  439.898752]  ? wait_for_xmitr+0xb0/0xb0
[  439.898753]  uart_console_write+0x4c/0x60
[  439.898753]  serial8250_console_write+0x10a/0x2a0
[  439.898753]  ? msg_print_text+0x80/0x100
[  439.898753]  univ8250_console_write+0x21/0x30
[  439.898753]  console_unlock+0x3cf/0x560
[  439.898753]  vprintk_emit+0x134/0x2c0
[  439.898754]  ? arch_cpu_idle+0x15/0x20
[  439.898754]  vprintk_default+0x29/0x50
[  439.898754]  vprintk_func+0x47/0xc0
[  439.898754]  printk+0x52/0x6e
[  439.898754]  ? kernel_text_address+0xe8/0xf0
[  439.898755]  ? arch_cpu_idle+0x15/0x20
[  439.898755]  ? arch_cpu_idle+0x15/0x20
[  439.898755]  show_trace_log_lvl+0x218/0x3d0
[  439.898755]  ? arch_cpu_idle+0x15/0x20
[  439.898755]  ? arch_cpu_idle+0x15/0x20
[  439.898755]  show_regs+0x9d/0x190
[  439.898756]  watchdog_timer_fn+0x1db/0x230
[  439.898756]  ? watchdog+0x30/0x30
[  439.898756]  __hrtimer_run_queues+0xdf/0x230
[  439.898756]  hrtimer_interrupt+0x97/0x180
[  439.898756]  smp_apic_timer_interrupt+0x6f/0x140
[  439.898757]  apic_timer_interrupt+0x90/0xa0
[  439.898757]  </IRQ>
[  439.898757] RIP: 0010:native_safe_halt+0x12/0x20
[  439.898757] RSP: 0018:ffffffffbb803e28 EFLAGS: 00010246 ORIG_RAX: ffffffffffffff11
[  439.898758] RAX: ffffffffbadcfa20 RBX: 0000000000000000 RCX: 0000000000000000
[  439.898758] RDX: 0000000000000000 RSI: 0000000000000000 RDI: 0000000000000000
[  439.898758] RBP: ffffffffbb803e28 R08: 0000000000000002 R09: 0000000000000001
[  439.898758] R10: 0000000000000000 R11: 0000000000000800 R12: 0000000000000000
[  439.898758] R13: 0000000000000000 R14: 0000000000000000 R15: 0000000000000000
[  439.898759]  ? __sched_text_end+0x1/0x1
[  439.898759]  default_idle+0x20/0x100
[  439.898759]  arch_cpu_idle+0x15/0x20
[  439.898759]  default_idle_call+0x23/0x30
[  439.898759]  do_idle+0x172/0x1f0
[  439.898760]  cpu_startup_entry+0x73/0x80
[  439.898776]  rest_init+0xae/0xb0
[  439.898776]  start_kernel+0x4c9/0x4ed
[  439.898777]  x86_64_start_reservations+0x24/0x26
[  439.898777]  x86_64_start_kernel+0x8e/0x91
[  439.898777]  secondary_startup_64+0xa5/0xb0
[  439.898777] Code: 55 48 89 e5 d3 e6 01 f2 ec 0f b6 c0 5d c3 0f 1f 00 0f 1f 44 00 00 0f b6 8f a1 00 00 00 89 d0 8b 57 08 55 48 89 e5 d3 e6 01 f2 ee <5d> c3 0f 1f 40 00 0f 1f 44 00 00 0f b6 87 a2 00 00 00 55 48 c7 
[  439.898784] NMI backtrace for cpu 1
[  439.899851]  default_idle_call+0x23/0x30
[  439.902810] CPU: 1 PID: 292 Comm: modprobe Not tainted 4.15.0-213-generic #224-Ubuntu
[  439.905008]  do_idle+0x172/0x1f0
[  439.907499] Hardware name: innotek GmbH VirtualBox/VirtualBox, BIOS VirtualBox 12/01/2006
[  439.911665]  cpu_startup_entry+0x73/0x80
[  439.916869] Call Trace:
[  439.919284]  rest_init+0xae/0xb0
[  439.919287]  start_kernel+0x4c9/0x4ed
[  439.922513]  <IRQ>
[  439.926561]  x86_64_start_reservations+0x24/0x26
[  439.931637]  dump_stack+0x6d/0x8b
[  439.935406]  x86_64_start_kernel+0x8e/0x91
[  439.939562]  nmi_cpu_backtrace+0x94/0xa0
[  439.943343]  secondary_startup_64+0xa5/0xb0
[  439.948056]  ? lapic_can_unplug_cpu+0xb0/0xb0
[  439.951061] Code: 00 f0 80 48 02 20 48 8b 00 a8 08 0f 84 7b ff ff ff eb bd 90 90 90 90 90 90 55 48 89 e5 e9 07 00 00 00 0f 00 2d 70 a0 43 00 fb f4 <5d> c3 66 90 66 2e 0f 1f 84 00 00 00 00 00 55 48 89 e5 e9 07 00 
[  439.955289]  nmi_trigger_cpumask_backtrace+0xe7/0x130
[  439.956658] INFO: rcu_sched self-detected stall on CPU
[  439.958146]  arch_trigger_cpumask_backtrace+0x19/0x20
[  440.138830]  rcu_dump_cpu_stacks+0xa3/0xd5
[  440.141211]  rcu_check_callbacks+0x6cd/0x8e0
[  440.143680]  ? tick_sched_do_timer+0x50/0x50
[  440.146293]  update_process_times+0x2f/0x60
[  440.148817]  tick_sched_handle+0x26/0x70
[  440.151123]  ? tick_sched_do_timer+0x42/0x50
[  440.153589]  tick_sched_timer+0x39/0x80
[  440.155848]  __hrtimer_run_queues+0xdf/0x230
[  440.158349]  hrtimer_interrupt+0x97/0x180
[  440.160696]  smp_apic_timer_interrupt+0x6f/0x140
[  440.163124]  apic_timer_interrupt+0x90/0xa0
[  440.165460]  </IRQ>
[  440.166682] RIP: 0010:init_module+0xd8/0x1000 [raid6_pq]
[  440.169672] RSP: 0018:ffffa57f80397b90 EFLAGS: 00010246 ORIG_RAX: ffffffffffffff11
[  440.173635] RAX: 00000000fffedf45 RBX: 0000000000000000 RCX: 00000000fffedf45
[  440.177338] RDX: 0000000036828000 RSI: 0000000000000000 RDI: 0000000000000246
[  440.180984] RBP: ffffa57f80397c60 R08: 000000000002bd00 R09: ffffef53c0da0aa0
[  440.184686] R10: ffff8d7efffc57a8 R11: 0000000000000001 R12: 0000000000000000
[  440.188302] R13: 0000000000000000 R14: ffff8d7ef6828000 R15: ffffffffc0492140
[  440.192117]  ? __kernfs_new_node+0xcb/0x1c0
[  440.194383]  ? 0xffffffffc04aa000
[  440.196176]  do_one_initcall+0x52/0x1b0
[  440.198322]  ? _cond_resched+0x19/0x40
[  440.200356]  ? kmem_cache_alloc_trace+0x167/0x1d0
[  440.202814]  ? do_init_module+0x27/0x1f2
[  440.204955]  do_init_module+0x4f/0x1f2
[  440.207048]  load_module+0x1aa7/0x1fd0
[  440.209046]  ? ima_post_read_file+0x96/0xa0
[  440.211801]  SYSC_finit_module+0xfc/0x120
[  440.213976]  ? SYSC_finit_module+0xfc/0x120
[  440.216187]  SyS_finit_module+0xe/0x10
[  440.218353]  do_syscall_64+0x73/0x130
[  440.220319]  entry_SYSCALL_64_after_hwframe+0x59/0xbe
[  440.222958] RIP: 0033:0x7ff74c6b4539
[  440.224860] RSP: 002b:00007ffd67050838 EFLAGS: 00000246 ORIG_RAX: 0000000000000139
[  440.228744] RAX: ffffffffffffffda RBX: 000055b262253800 RCX: 00007ff74c6b4539
[  440.232564] RDX: 0000000000000000 RSI: 000055b260c66cee RDI: 0000000000000004
[  440.236490] RBP: 000055b260c66cee R08: 0000000000000000 R09: 000055b262252d80
[  440.240385] R10: 0000000000000004 R11: 0000000000000246 R12: 0000000000000000
[  440.244357] R13: 000055b2622537b0 R14: 0000000000060000 R15: 000055b262252d80
[  440.248214] 	0-...!: (1 GPs behind) idle=946/1/0 softirq=1058/1059 fqs=0 
[  440.252241] 	 (t=108979 jiffies g=-189 c=-190 q=484)
[  440.254827] rcu_sched kthread starved for 108979 jiffies! g18446744073709551427 c18446744073709551426 f0x0 RCU_GP_WAIT_FQS(3) ->state=0x0 ->cpu=1
[  440.261593] rcu_sched       R  running task        0     8      2 0x80000000
[  440.265295] Call Trace:
[  440.266857]  __schedule+0x24e/0x890
[  440.268791]  schedule+0x2c/0x80
[  440.270540]  schedule_timeout+0x15d/0x370
[  440.272751]  ? __next_timer_interrupt+0xe0/0xe0
[  440.275342]  rcu_gp_kthread+0x53a/0x980
[  440.277414]  kthread+0x121/0x140
[  440.279240]  ? rcu_note_context_switch+0x150/0x150
[  440.282257]  ? kthread_create_worker_on_cpu+0x70/0x70
[  440.285127]  ret_from_fork+0x1f/0x40
[  440.287116] NMI backtrace for cpu 0
[  440.289049] CPU: 0 PID: 0 Comm: swapper/0 Tainted: G             L   4.15.0-213-generic #224-Ubuntu
[  440.293806] Hardware name: innotek GmbH VirtualBox/VirtualBox, BIOS VirtualBox 12/01/2006
[  440.298112] Call Trace:
[  440.299543]  <IRQ>
[  440.300752]  dump_stack+0x6d/0x8b
[  440.302602]  nmi_cpu_backtrace+0x94/0xa0
[  440.304765]  ? lapic_can_unplug_cpu+0xb0/0xb0
[  440.307138]  nmi_trigger_cpumask_backtrace+0xe7/0x130
[  440.309866]  arch_trigger_cpumask_backtrace+0x19/0x20
[  440.312592]  rcu_dump_cpu_stacks+0xa3/0xd5
[  440.314837]  rcu_check_callbacks+0x6cd/0x8e0
[  440.317189]  ? tick_sched_do_timer+0x50/0x50
[  440.319518]  update_process_times+0x2f/0x60
[  440.321797]  tick_sched_handle+0x26/0x70
[  440.323957]  ? tick_sched_do_timer+0x50/0x50
[  440.326284]  tick_sched_timer+0x39/0x80
[  440.328408]  __hrtimer_run_queues+0xdf/0x230
[  440.330722]  hrtimer_interrupt+0x97/0x180
[  440.332910]  smp_apic_timer_interrupt+0x6f/0x140
[  440.335412]  apic_timer_interrupt+0x90/0xa0
[  440.337698]  </IRQ>
[  440.338949] RIP: 0010:native_safe_halt+0x12/0x20
[  440.341446] RSP: 0018:ffffffffbb803e28 EFLAGS: 00010246 ORIG_RAX: ffffffffffffff11
[  440.345467] RAX: ffffffffbadcfa20 RBX: 0000000000000000 RCX: 0000000000000000
[  440.349202] RDX: 0000000000000000 RSI: 0000000000000000 RDI: 0000000000000000
[  440.352934] RBP: ffffffffbb803e28 R08: 0000000000000002 R09: 0000000000000001
[  440.356687] R10: 0000000000000000 R11: 0000000000000800 R12: 0000000000000000
[  440.360446] R13: 0000000000000000 R14: 0000000000000000 R15: 0000000000000000
[  440.364275]  ? __sched_text_end+0x1/0x1
[  440.366390]  default_idle+0x20/0x100
[  440.368395]  arch_cpu_idle+0x15/0x20
[  440.370393]  default_idle_call+0x23/0x30
[  440.372560]  do_idle+0x172/0x1f0
[  440.374387]  cpu_startup_entry+0x73/0x80
[  440.376551]  rest_init+0xae/0xb0
[  440.378397]  start_kernel+0x4c9/0x4ed
[  440.380436]  x86_64_start_reservations+0x24/0x26
[  440.382943]  x86_64_start_kernel+0x8e/0x91
[  440.385185]  secondary_startup_64+0xa5/0xb0
[  440.388132] raid6: sse2x1   gen() 57154 MB/s
[  440.454278] raid6: sse2x1   xor() 13104 MB/s
[  440.517044] raid6: sse2x2   gen() 27386 MB/s
[  440.568044] raid6: sse2x2   xor() 14359 MB/s
[  440.620497] raid6: sse2x4   gen() 24068 MB/s
[  440.673074] raid6: sse2x4   xor() 14167 MB/s
[  440.675756] raid6: using algorithm sse2x1 gen() 57154 MB/s
[  440.678719] raid6: .... xor() 13104 MB/s, rmw enabled
[  440.681456] raid6: using ssse3x2 recovery algorithm
[  440.686616] xor: measuring software checksum speed
[  440.728333]    prefetch64-sse: 29049.000 MB/sec
[  440.768315]    generic_sse: 22985.000 MB/sec
[  440.770636] xor: using function: prefetch64-sse (29049.000 MB/sec)
[  440.775131] async_tx: api initialized (async)
done.
Begin: Running /scripts/init-premount ... done.
Begin: Mounting root file system ... Begin: Running /scripts/local-top ... done.
Begin: Running /scripts/local-premount ... [  440.819577] Btrfs loaded, crc32c=crc32c-intel
Scanning for Btrfs filesystems
done.
Begin: Will now check root file system ... fsck from util-linux 2.31.1
[/sbin/fsck.ext4 (1) -- /dev/sda1] fsck.ext4 -a -C0 /dev/sda1 
cloudimg-rootfs: recovering journal
cloudimg-rootfs: Clearing orphaned inode 6437 (uid=0, gid=0, mode=0100644, size=2361984)
cloudimg-rootfs: Clearing orphaned inode 6221 (uid=0, gid=0, mode=0100644, size=27088)
cloudimg-rootfs: Clearing orphaned inode 2216 (uid=0, gid=0, mode=0100644, size=64144)
cloudimg-rootfs: Clearing orphaned inode 2145 (uid=0, gid=0, mode=0100644, size=170784)
cloudimg-rootfs: clean, 132499/5120000 files, 1010742/10485499 blocks
done.
[  440.986291] EXT4-fs (sda1): mounted filesystem with ordered data mode. Opts: (null)
done.
Begin: Running /scripts/local-bottom ... done.
Begin: Running /scripts/init-bottom ... done.
[  441.172142] ip_tables: (C) 2000-2006 Netfilter Core Team
[  441.184251] systemd[1]: systemd 237 running in system mode. (+PAM +AUDIT +SELINUX +IMA +APPARMOR +SMACK +SYSVINIT +UTMP +LIBCRYPTSETUP +GCRYPT +GNUTLS +ACL +XZ +LZ4 +SECCOMP +BLKID +ELFUTILS +KMOD -IDN2 +IDN -PCRE2 default-hierarchy=hybrid)
[  441.196136] systemd[1]: Detected virtualization oracle.
[  441.199142] systemd[1]: Detected architecture x86-64.

Welcome to [1mUbuntu 18.04.6 LTS[0m!

[  441.220544] systemd[1]: Set hostname to <ubuntu-bionic>.
[  441.483398] systemd[1]: Created slice User and Session Slice.
[[0;32m  OK  [0m] Created slice User and Session Slice.
[  441.489768] systemd[1]: Reached target Swap.
[[0;32m  OK  [0m] Reached target Swap.
[  441.494702] systemd[1]: Reached target User and Group Name Lookups.
[[0;32m  OK  [0m] Reached target User and Group Name Lookups.
[  441.501400] systemd[1]: Started Forward Password Requests to Wall Directory Watch.
[[0;32m  OK  [0m] Started Forward Password Requests to Wall Directory Watch.
[  441.509016] systemd[1]: Reached target System Time Synchronized.
[[0;32m  OK  [0m] Reached target System Time Synchronized.
[  441.515164] systemd[1]: Created slice System Slice.
[[0;32m  OK  [0m] Created slice System Slice.
[[0;32m  OK  [0m] Listening on Network Service Netlink Socket.
[[0;32m  OK  [0m] Listening on LVM2 poll daemon socket.
[[0;32m  OK  [0m] Listening on udev Control Socket.
[[0;32m  OK  [0m] Listening on /dev/initctl Compatibility Named Pipe.
[[0;32m  OK  [0m] Listening on Journal Socket.
         Starting Load Kernel Modules...
         Mounting POSIX Message Queue File System...
         Starting Uncomplicated firewall...
         Starting Set the console keyboard layout...
[[0;32m  OK  [0m] Listening on Syslog Socket.
[[0;32m  OK  [0m] Created slice system-serial\x2dgetty.slice.[  441.553590] Loading iSCSI transport class v2.0-870.

[[0;32m  OK  [0m] Reached target Slices.
[[0;32m  OK  [0m] Listening on Journal Socket (/dev/log).
         Mounting Kernel Debug File System...
[[0;32m  OK  [0m] Listening on Device-mapper event daemon FIFOs.
[[0;32m  OK  [0m] Listening on udev Kernel Socket.
         Starting udev Coldplug all Devices...
         Mounting Huge Pages File System...
         Starting Create list of required st…ce nodes for the current kernel...
[[0;32m  OK  [0m] Reached target Mounting snaps.[  441.584273] iscsi: registered transport (tcp)

[[0;32m  OK  [0m] Reached target Mounted snaps.
[[0;32m  OK  [0m] Listening on fsck to fsckd communication Socket.
         Starting Remount Root and Kernel File Systems...
[[0;32m  OK  [0m] Set up automount Arbitrary Executab…rmats File System Automount Point.
[[0;32m  OK  [0m] Listening on LVM2 metadata daemon socket.
         Starting Monitoring of LVM2 mirrors…ng dmeventd or progress polling...
[[0;32m  OK  [0m] Listening on Journal Audit Socket.
[  441.637380] iscsi: registered transport (iser)
         Starting Journal Service...[  441.642565] EXT4-fs (sda1): re-mounted. Opts: (null)

[[0;32m  OK  [0m] Started Load Kernel Modules.
[[0;32m  OK  [0m] Mounted POSIX Message Queue File System.
[[0;32m  OK  [0m] Started Uncomplicated firewall.
[[0;32m  OK  [0m] Mounted Kernel Debug File System.
[[0;32m  OK  [0m] Mounted Huge Pages File System.
[[0;32m  OK  [0m] Started Create list of required sta…vice nodes for the current kernel.
[[0;32m  OK  [0m] Started Remount Root and Kernel File Systems.
         Starting Load/Save Random Seed...
         Starting Create Static Device Nodes in /dev...
         Mounting Kernel Configuration File System...
         Starting Apply Kernel Variables...
         Mounting FUSE Control File System...
[[0;32m  OK  [0m] Started udev Coldplug all Devices.
[[0;32m  OK  [0m] Mounted Kernel Configuration File System.
[[0;32m  OK  [0m] Mounted FUSE Control File System.
[[0;32m  OK  [0m] Started Load/Save Random Seed.
[[0;32m  OK  [0m] Started Journal Service.
[[0;32m  OK  [0m] Started LVM2 metadata daemon.
         Starting Flush Journal to Persistent Storage...
[[0;32m  OK  [0m] Started Set the console keyboard layout.
[[0;32m  OK  [0m] Started Create Static Device Nodes in /dev.
         Starting udev Kernel Device Manager...
[[0;32m  OK  [0m] Started udev Kernel Device Manager.
[[0;32m  OK  [0m] Started Dispatch Password Requests to Console Directory Watch.
[[0;32m  OK  [0m] Reached target Local Encrypted Volumes.
[[0;32m  OK  [0m] Started Apply Kernel Variables.
[[0;32m  OK  [0m] Started Monitoring of LVM2 mirrors,…sing dmeventd or progress polling.
[[0;32m  OK  [0m] Reached target Local File Systems (Pre).
[[0;32m  OK  [0m] Reached target Local File Systems.
         Starting Set console font and keymap...
         Starting Tell Plymouth To Write Out Runtime Data...
         Starting AppArmor initialization...
         Starting ebtables ruleset management...
[[0;32m  OK  [0m] Started Set console font and keymap.
[[0;32m  OK  [0m] Started Tell Plymouth To Write Out Runtime Data.
[[0;32m  OK  [0m] Started Flush Journal to Persistent Storage.
         Starting Create Volatile Files and Directories...
[[0;32m  OK  [0m] Started Create Volatile Files and Directories.
         Starting Update UTMP about System Boot/Shutdown...
[[0;32m  OK  [0m] Started Update UTMP about System Boot/Shutdown.
[[0;32m  OK  [0m] Started ebtables ruleset management.
[[0;32m  OK  [0m] Found device /dev/ttyS0.
[[0;32m  OK  [0m] Listening on Load/Save RF Kill Switch Status /dev/rfkill Watch.
[[0;32m  OK  [0m] Started AppArmor initialization.
         Starting Load AppArmor profiles managed internally by snapd...
         Starting Initial cloud-init job (pre-networking)...
         Mounting Arbitrary Executable File Formats File System...
[[0;32m  OK  [0m] Mounted Arbitrary Executable File Formats File System.
[[0;32m  OK  [0m] Started Load AppArmor profiles managed internally by snapd.
[  443.625944] cloud-init[573]: Cloud-init v. 23.1.2-0ubuntu0~18.04.1 running 'init-local' at Tue, 11 Jul 2023 15:39:21 +0000. Up 443.46 seconds.
[[0;32m  OK  [0m] Started Initial cloud-init job (pre-networking).
[[0;32m  OK  [0m] Reached target Network (Pre).
         Starting Network Service...
[[0;32m  OK  [0m] Started Network Service.
         Starting Network Name Resolution...
         Starting Wait for Network to be Configured...
[[0;32m  OK  [0m] Started Network Name Resolution.
[[0;32m  OK  [0m] Reached target Host and Network Name Lookups.
[[0;32m  OK  [0m] Reached target Network.
[[0;32m  OK  [0m] Started Wait for Network to be Configured.
         Starting Initial cloud-init job (metadata service crawler)...
[  445.157665] cloud-init[688]: Cloud-init v. 23.1.2-0ubuntu0~18.04.1 running 'init' at Tue, 11 Jul 2023 15:39:23 +0000. Up 445.07 seconds.
[  445.160407] cloud-init[688]: ci-info: ++++++++++++++++++++++++++++++++++++++Net device info++++++++++++++++++++++++++++++++++++++
[  445.162895] cloud-init[688]: ci-info: +--------+------+----------------------------+---------------+--------+-------------------+
[  445.165490] cloud-init[688]: ci-info: | Device |  Up  |          Address           |      Mask     | Scope  |     Hw-Address    |
[  445.168189] cloud-init[688]: ci-info: +--------+------+----------------------------+---------------+--------+-------------------+
[  445.170804] cloud-init[688]: ci-info: | enp0s3 | True |         10.0.2.15          | 255.255.255.0 | global | 02:c6:32:08:e7:11 |
[  445.173358] cloud-init[688]: ci-info: | enp0s3 | True | fe80::c6:32ff:fe08:e711/64 |       .       |  link  | 02:c6:32:08:e7:11 |
[  445.175794] cloud-init[688]: ci-info: |   lo   | True |         127.0.0.1          |   255.0.0.0   |  host  |         .         |
[  445.178336] cloud-init[688]: ci-info: |   lo   | True |          ::1/128           |       .       |  host  |         .         |
[  445.180740] cloud-init[688]: ci-info: +--------+------+----------------------------+---------------+--------+-------------------+
[  445.183235] cloud-init[688]: ci-info: ++++++++++++++++++++++++++++Route IPv4 info+++++++++++++++++++++++++++++
[  445.185500] cloud-init[688]: ci-info: +-------+-------------+----------+-----------------+-----------+-------+
[  445.187676] cloud-init[688]: ci-info: | Route | Destination | Gateway  |     Genmask     | Interface | Flags |
[  445.190107] cloud-init[688]: ci-info: +-------+-------------+----------+-----------------+-----------+-------+
[  445.192382] cloud-init[688]: ci-info: |   0   |   0.0.0.0   | 10.0.2.2 |     0.0.0.0     |   enp0s3  |   UG  |
[  445.194557] cloud-init[688]: ci-info: |   1   |   10.0.2.0  | 0.0.0.0  |  255.255.255.0  |   enp0s3  |   U   |
[  445.196738] cloud-init[688]: ci-info: |   2   |   10.0.2.2  | 0.0.0.0  | 255.255.255.255 |   enp0s3  |   UH  |
[  445.199061] cloud-init[688]: ci-info: +-------+-------------+----------+-----------------+-----------+-------+
[  445.201274] cloud-init[688]: ci-info: +++++++++++++++++++Route IPv6 info+++++++++++++++++++
[  445.203058] cloud-init[688]: ci-info: +-------+-------------+---------+-----------+-------+
[  445.205007] cloud-init[688]: ci-info: | Route | Destination | Gateway | Interface | Flags |
[  445.206786] cloud-init[688]: ci-info: +-------+-------------+---------+-----------+-------+
[  445.208621] cloud-init[688]: ci-info: |   1   |  fe80::/64  |    ::   |   enp0s3  |   U   |
[  445.210418] cloud-init[688]: ci-info: |   3   |    local    |    ::   |   enp0s3  |   U   |
[  445.212311] cloud-init[688]: ci-info: |   4   |   ff00::/8  |    ::   |   enp0s3  |   U   |
[  445.214075] cloud-init[688]: ci-info: +-------+-------------+---------+-----------+-------+
[[0;32m  OK  [0m] Started Initial cloud-init job (metadata service crawler).
[[0;32m  OK  [0m] Reached target Cloud-config availability.
[[0;32m  OK  [0m] Reached target System Initialization.
         Starting LXD - unix socket.
[[0;32m  OK  [0m] Listening on D-Bus System Message Bus Socket.
[[0;32m  OK  [0m] Listening on cloud-init hotplug hook socket.
[[0;32m  OK  [0m] Started ACPI Events Check.
[[0;32m  OK  [0m] Listening on ACPID Listen Socket.
[[0;32m  OK  [0m] Listening on Open-iSCSI iscsid Socket.
[[0;32m  OK  [0m] Reached target Paths.
[[0;32m  OK  [0m] Started Message of the Day.
         Starting Socket activation for snappy daemon.
[[0;32m  OK  [0m] Started Discard unused blocks once a week.
[[0;32m  OK  [0m] Listening on UUID daemon activation socket.
[[0;32m  OK  [0m] Started Daily apt download activities.
[[0;32m  OK  [0m] Started Daily apt upgrade and clean activities.
[[0;32m  OK  [0m] Started Daily Cleanup of Temporary Directories.
[[0;32m  OK  [0m] Reached target Timers.
[[0;32m  OK  [0m] Reached target Network is Online.
[[0;32m  OK  [0m] Reached target Remote File Systems (Pre).
[[0;32m  OK  [0m] Reached target Remote File Systems.
         Starting Availability of block devices...
[[0;32m  OK  [0m] Listening on LXD - unix socket.
[[0;32m  OK  [0m] Listening on Socket activation for snappy daemon.
[[0;32m  OK  [0m] Reached target Sockets.
[[0;32m  OK  [0m] Reached target Basic System.
[[0;32m  OK  [0m] Reached target Login Prompts (Pre).
         Starting Permit User Sessions...
         Starting Virtualbox guest utils...
         Starting LSB: Record successful boot for GRUB...
[[0;32m  OK  [0m] Started irqbalance daemon.
         Starting LXD - container startup/shutdown...
         Starting Snap Daemon...
[[0;32m  OK  [0m] Started Deferred execution scheduler.
[[0;32m  OK  [0m] Started Regular background program processing daemon.
         Starting Login Service...
         Starting Dispatcher daemon for systemd-networkd...
         Starting System Logging Service...
[[0;32m  OK  [0m] Started FUSE filesystem for LXC.
         Starting Accounts Service...
[[0;32m  OK  [0m] Started D-Bus System Message Bus.
         Starting LSB: automatic crash report generation...
         Starting OpenBSD Secure Shell server...
[[0;32m  OK  [0m] Started System Logging Service.
[[0;32m  OK  [0m] Started Availability of block devices.
[[0;32m  OK  [0m] Started Permit User Sessions.
[[0;32m  OK  [0m] Started Login Service.
         Starting Authorization Manager...
[[0;32m  OK  [0m] Started Unattended Upgrades Shutdown.
         Starting Terminate Plymouth Boot Screen...
         Starting Hold until boot process finishes up...
[[0;32m  OK  [0m] Started Hold until boot process finishes up.
         Starting Set console scheme...
[[0;32m  OK  [0m] Started Serial Getty on ttyS0.
[[0;32m  OK  [0m] Started Terminate Plymouth Boot Screen.
[[0;32m  OK  [0m] Started OpenBSD Secure Shell server.
[[0;32m  OK  [0m] Started Set console scheme.
[[0;32m  OK  [0m] Created slice system-getty.slice.
[[0;32m  OK  [0m] Started Getty on tty1.
[[0;32m  OK  [0m] Reached target Login Prompts.
[[0;32m  OK  [0m] Started LSB: Record successful boot for GRUB.
[[0;32m  OK  [0m] Started LXD - container startup/shutdown.
[[0;32m  OK  [0m] Started Authorization Manager.
[[0;32m  OK  [0m] Started Accounts Service.
[[0;32m  OK  [0m] Started LSB: automatic crash report generation.
[[0;32m  OK  [0m] Started Virtualbox guest utils.
[[0;32m  OK  [0m] Started Dispatcher daemon for systemd-networkd.
[[0;32m  OK  [0m] Started Snap Daemon.
         Starting Wait until snapd is fully seeded...
         Starting Time & Date Service...
[[0;32m  OK  [0m] Started Time & Date Service.
[[0;32m  OK  [0m] Started Wait until snapd is fully seeded.
         Starting Apply the settings specified in cloud-config...
[  446.673351] cloud-init[1150]: Cloud-init v. 23.1.2-0ubuntu0~18.04.1 running 'modules:config' at Tue, 11 Jul 2023 15:39:24 +0000. Up 446.61 seconds.
[[0;32m  OK  [0m] Started Apply the settings specified in cloud-config.
[[0;32m  OK  [0m] Reached target Multi-User System.
         Starting Execute cloud user/final scripts...
[[0;32m  OK  [0m] Reached target Graphical Interface.
         Starting Update UTMP about System Runlevel Changes...
[[0;32m  OK  [0m] Started Update UTMP about System Runlevel Changes.
[  447.014197] cloud-init[1190]: Cloud-init v. 23.1.2-0ubuntu0~18.04.1 running 'modules:final' at Tue, 11 Jul 2023 15:39:25 +0000. Up 446.93 seconds.
[  447.017310] cloud-init[1190]: Cloud-init v. 23.1.2-0ubuntu0~18.04.1 finished at Tue, 11 Jul 2023 15:39:25 +0000. Datasource DataSourceNoCloud [seed=/dev/sdb][dsmode=net].  Up 447.00 seconds
[[0;32m  OK  [0m] Started Execute cloud user/final scripts.
[[0;32m  OK  [0m] Reached target Cloud-init target.

Ubuntu 18.04.6 LTS ubuntu-bionic ttyS0

ubuntu-bionic login: 