[    0.000000] Linux version 4.15.0-208-generic (buildd@lcy02-amd64-015) (gcc version 7.5.0 (Ubuntu 7.5.0-3ubuntu1~18.04)) #220-Ubuntu SMP Mon Mar 20 14:27:01 UTC 2023 (Ubuntu 4.15.0-208.220-generic 4.15.18)
[    0.000000] Command line: BOOT_IMAGE=/boot/vmlinuz-4.15.0-208-generic root=LABEL=cloudimg-rootfs ro console=tty1 console=ttyS0
[    0.000000] KERNEL supported cpus:
[    0.000000]   Intel GenuineIntel
[    0.000000]   AMD AuthenticAMD
[    0.000000]   Centaur CentaurHauls
[    0.000000] x86/fpu: x87 FPU will use FXSAVE
[    0.000000] e820: BIOS-provided physical RAM map:
[    0.000000] BIOS-e820: [mem 0x0000000000000000-0x000000000009fbff] usable
[    0.000000] BIOS-e820: [mem 0x000000000009fc00-0x000000000009ffff] reserved
[    0.000000] BIOS-e820: [mem 0x00000000000f0000-0x00000000000fffff] reserved
[    0.000000] BIOS-e820: [mem 0x0000000000100000-0x000000003ffeffff] usable
[    0.000000] BIOS-e820: [mem 0x000000003fff0000-0x000000003fffffff] ACPI data
[    0.000000] BIOS-e820: [mem 0x00000000fec00000-0x00000000fec00fff] reserved
[    0.000000] BIOS-e820: [mem 0x00000000fee00000-0x00000000fee00fff] reserved
[    0.000000] BIOS-e820: [mem 0x00000000fffc0000-0x00000000ffffffff] reserved
[    0.000000] NX (Execute Disable) protection: active
[    0.000000] SMBIOS 2.5 present.
[    0.000000] DMI: innotek GmbH VirtualBox/VirtualBox, BIOS VirtualBox 12/01/2006
[    0.000000] Hypervisor detected: KVM
[    0.000000] e820: last_pfn = 0x3fff0 max_arch_pfn = 0x400000000
[    0.000000] MTRR: Disabled
[    0.000000] x86/PAT: MTRRs disabled, skipping PAT initialization too.
[    0.000000] CPU MTRRs all blank - virtualized system.
[    0.000000] x86/PAT: Configuration [0-7]: WB  WT  UC- UC  WB  WT  UC- UC  
[    0.000000] found SMP MP-table at [mem 0x0009fff0-0x0009ffff]
[    0.000000] Scanning 1 areas for low memory corruption
[    0.000000] RAMDISK: [mem 0x359c9000-0x36cdbfff]
[    0.000000] ACPI: Early table checksum verification disabled
[    0.000000] ACPI: RSDP 0x00000000000E0000 000024 (v02 VBOX  )
[    0.000000] ACPI: XSDT 0x000000003FFF0030 00003C (v01 VBOX   VBOXXSDT 00000001 ASL  00000061)
[    0.000000] ACPI: FACP 0x000000003FFF00F0 0000F4 (v04 VBOX   VBOXFACP 00000001 ASL  00000061)
[    0.000000] ACPI: DSDT 0x000000003FFF0610 002353 (v02 VBOX   VBOXBIOS 00000002 INTL 20100528)
[    0.000000] ACPI: FACS 0x000000003FFF0200 000040
[    0.000000] ACPI: FACS 0x000000003FFF0200 000040
[    0.000000] ACPI: APIC 0x000000003FFF0240 00005C (v02 VBOX   VBOXAPIC 00000001 ASL  00000061)
[    0.000000] ACPI: SSDT 0x000000003FFF02A0 00036C (v01 VBOX   VBOXCPUT 00000002 INTL 20100528)
[    0.000000] ACPI: Reserving FACP table memory at [mem 0x3fff00f0-0x3fff01e3]
[    0.000000] ACPI: Reserving DSDT table memory at [mem 0x3fff0610-0x3fff2962]
[    0.000000] ACPI: Reserving FACS table memory at [mem 0x3fff0200-0x3fff023f]
[    0.000000] ACPI: Reserving FACS table memory at [mem 0x3fff0200-0x3fff023f]
[    0.000000] ACPI: Reserving APIC table memory at [mem 0x3fff0240-0x3fff029b]
[    0.000000] ACPI: Reserving SSDT table memory at [mem 0x3fff02a0-0x3fff060b]
[    0.000000] No NUMA configuration found
[    0.000000] Faking a node at [mem 0x0000000000000000-0x000000003ffeffff]
[    0.000000] NODE_DATA(0) allocated [mem 0x3ffc5000-0x3ffeffff]
[    0.000000] kvm-clock: cpu 0, msr 0:3ff44001, primary cpu clock
[    0.000000] kvm-clock: Using msrs 4b564d01 and 4b564d00
[    0.000000] kvm-clock: using sched offset of 3291704149 cycles
[    0.000000] clocksource: kvm-clock: mask: 0xffffffffffffffff max_cycles: 0x1cd42e4dffb, max_idle_ns: 881590591483 ns
[    0.000000] Zone ranges:
[    0.000000]   DMA      [mem 0x0000000000001000-0x0000000000ffffff]
[    0.000000]   DMA32    [mem 0x0000000001000000-0x000000003ffeffff]
[    0.000000]   Normal   empty
[    0.000000]   Device   empty
[    0.000000] Movable zone start for each node
[    0.000000] Early memory node ranges
[    0.000000]   node   0: [mem 0x0000000000001000-0x000000000009efff]
[    0.000000]   node   0: [mem 0x0000000000100000-0x000000003ffeffff]
[    0.000000] Reserved but unavailable: 104 pages
[    0.000000] Initmem setup node 0 [mem 0x0000000000001000-0x000000003ffeffff]
[    0.000000] ACPI: PM-Timer IO Port: 0x4008
[    0.000000] IOAPIC[0]: apic_id 2, version 32, address 0xfec00000, GSI 0-23
[    0.000000] ACPI: INT_SRC_OVR (bus 0 bus_irq 0 global_irq 2 dfl dfl)
[    0.000000] ACPI: INT_SRC_OVR (bus 0 bus_irq 9 global_irq 9 low level)
[    0.000000] Using ACPI (MADT) for SMP configuration information
[    0.000000] smpboot: Allowing 2 CPUs, 0 hotplug CPUs
[    0.000000] PM: Registered nosave memory: [mem 0x00000000-0x00000fff]
[    0.000000] PM: Registered nosave memory: [mem 0x0009f000-0x0009ffff]
[    0.000000] PM: Registered nosave memory: [mem 0x000a0000-0x000effff]
[    0.000000] PM: Registered nosave memory: [mem 0x000f0000-0x000fffff]
[    0.000000] e820: [mem 0x40000000-0xfebfffff] available for PCI devices
[    0.000000] Booting paravirtualized kernel on KVM
[    0.000000] clocksource: refined-jiffies: mask: 0xffffffff max_cycles: 0xffffffff, max_idle_ns: 7645519600211568 ns
[    0.000000] setup_percpu: NR_CPUS:8192 nr_cpumask_bits:2 nr_cpu_ids:2 nr_node_ids:1
[    0.000000] percpu: Embedded 50 pages/cpu s167936 r8192 d28672 u1048576
[    0.000000] PV qspinlock hash table entries: 256 (order: 0, 4096 bytes)
[    0.000000] Built 1 zonelists, mobility grouping on.  Total pages: 257913
[    0.000000] Policy zone: DMA32
[    0.000000] Kernel command line: BOOT_IMAGE=/boot/vmlinuz-4.15.0-208-generic root=LABEL=cloudimg-rootfs ro console=tty1 console=ttyS0
[    0.000000] Memory: 982640K/1048120K available (12300K kernel code, 2477K rwdata, 4324K rodata, 2480K init, 2720K bss, 65480K reserved, 0K cma-reserved)
[    0.000000] SLUB: HWalign=64, Order=0-3, MinObjects=0, CPUs=2, Nodes=1
[    0.000000] ftrace: allocating 39494 entries in 155 pages
[    0.004000] Hierarchical RCU implementation.
[    0.004000] 	RCU restricting CPUs from NR_CPUS=8192 to nr_cpu_ids=2.
[    0.004000] 	Tasks RCU enabled.
[    0.004000] RCU: Adjusting geometry for rcu_fanout_leaf=16, nr_cpu_ids=2
[    0.004000] NR_IRQS: 524544, nr_irqs: 440, preallocated irqs: 16
[    0.004000] random: crng init done
[    0.004000] Console: colour VGA+ 80x25
[    0.004000] console [tty1] enabled
[    0.004000] console [ttyS0] enabled
[    0.004000] ACPI: Core revision 20170831
[    0.004000] ACPI: 2 ACPI AML tables successfully acquired and loaded
[    0.004000] APIC: Switch to symmetric I/O mode setup
[    0.004000] ..TIMER: vector=0x30 apic1=0 pin1=2 apic2=-1 pin2=-1
[    0.004005] tsc: Detected 2303.998 MHz processor
[    0.006530] Calibrating delay loop (skipped) preset value.. 4607.99 BogoMIPS (lpj=9215992)
[    0.008004] pid_max: default: 32768 minimum: 301
[    0.012053] Security Framework initialized
[    0.016002] Yama: becoming mindful.
[    0.018015] AppArmor: AppArmor initialized
[    0.022377] Dentry cache hash table entries: 131072 (order: 8, 1048576 bytes)
[    0.028021] Inode-cache hash table entries: 65536 (order: 7, 524288 bytes)
[    0.031863] Mount-cache hash table entries: 2048 (order: 2, 16384 bytes)
[    0.032044] Mountpoint-cache hash table entries: 2048 (order: 2, 16384 bytes)
[    0.037065] Last level iTLB entries: 4KB 0, 2MB 0, 4MB 0
[    0.040002] Last level dTLB entries: 4KB 0, 2MB 0, 4MB 0, 1GB 0
[    0.044002] Spectre V1 : Mitigation: usercopy/swapgs barriers and __user pointer sanitization
[    0.048002] Spectre V2 : Mitigation: Enhanced IBRS
[    0.052001] Spectre V2 : Spectre v2 / SpectreRSB mitigation: Filling RSB on context switch
[    0.056001] Spectre V2 : Spectre v2 / PBRSB-eIBRS: Retire a single CALL on VMEXIT
[    0.060001] RETBleed: Mitigation: Enhanced IBRS
[    0.062401] Speculative Store Bypass: Vulnerable
[    0.064137] Freeing SMP alternatives memory: 36K
[    0.178371] smpboot: CPU0: 11th Gen Intel(R) Core(TM) i7-11800H @ 2.30GHz (family: 0x6, model: 0x8d, stepping: 0x1)
[    0.180253] Performance Events: unsupported p6 CPU model 141 no PMU driver, software events only.
[    0.184058] Hierarchical SRCU implementation.
[    0.188592] NMI watchdog: Perf event create on CPU 0 failed with -2
[    0.192002] NMI watchdog: Perf NMI watchdog permanently disabled
[    0.196189] smp: Bringing up secondary CPUs ...
[    0.199074] x86: Booting SMP configuration:
[    0.200001] .... node  #0, CPUs:      #1
[    0.004000] kvm-clock: cpu 1, msr 0:3ff44041, secondary cpu clock
[    0.208000] TSC synchronization [CPU#0 -> CPU#1]:
[    0.208000] Measured 43675 cycles TSC warp between CPUs, turning off TSC clock.
[    0.208000] tsc: Marking TSC unstable due to check_tsc_sync_source failed
[    0.212003] smp: Brought up 1 node, 2 CPUs
[    0.214306] smpboot: Max logical packages: 1
[    0.216003] smpboot: Total of 2 processors activated (9215.99 BogoMIPS)
[    0.220342] devtmpfs: initialized
[    0.221914] x86/mm: Memory block size: 128MB
[    0.224228] evm: security.selinux
[    0.228002] evm: security.SMACK64
[    0.229712] evm: security.SMACK64EXEC
[    0.231786] evm: security.SMACK64TRANSMUTE
[    0.232001] evm: security.SMACK64MMAP
[    0.233880] evm: security.apparmor
[    0.236001] evm: security.ima
[    0.237620] evm: security.capability
[    0.240216] clocksource: jiffies: mask: 0xffffffff max_cycles: 0xffffffff, max_idle_ns: 7645041785100000 ns
[    0.244065] futex hash table entries: 512 (order: 3, 32768 bytes)
[    0.248032] pinctrl core: initialized pinctrl subsystem
[    0.252315] RTC time:  4:14:55, date: 04/14/23
[    0.256859] NET: Registered protocol family 16
[    0.259161] audit: initializing netlink subsys (disabled)
[    0.260107] audit: type=2000 audit(1681445700.478:1): state=initialized audit_enabled=0 res=1
[    0.268004] cpuidle: using governor ladder
[    0.270091] cpuidle: using governor menu
[    0.272039] ACPI: bus type PCI registered
[    0.274157] acpiphp: ACPI Hot Plug PCI Controller Driver version: 0.5
[    0.276297] PCI: Using configuration type 1 for base access
[    0.284208] HugeTLB registered 2.00 MiB page size, pre-allocated 0 pages
[    0.288278] ACPI: Added _OSI(Module Device)
[    0.292007] ACPI: Added _OSI(Processor Device)
[    0.294279] ACPI: Added _OSI(3.0 _SCP Extensions)
[    0.296002] ACPI: Added _OSI(Processor Aggregator Device)
[    0.300002] ACPI: Added _OSI(Linux-Dell-Video)
[    0.302249] ACPI: Added _OSI(Linux-Lenovo-NV-HDMI-Audio)
[    0.304001] ACPI: Added _OSI(Linux-HPI-Hybrid-Graphics)
[    0.308416] ACPI: Executed 1 blocks of module-level executable AML code
[    0.314479] ACPI: Interpreter enabled
[    0.316009] ACPI: (supports S0 S5)
[    0.317772] ACPI: Using IOAPIC for interrupt routing
[    0.320248] PCI: Using host bridge windows from ACPI; if necessary, use "pci=nocrs" and report a bug
[    0.324191] ACPI: Enabled 2 GPEs in block 00 to 07
[    0.332962] ACPI: PCI Root Bridge [PCI0] (domain 0000 [bus 00-ff])
[    0.336006] acpi PNP0A03:00: _OSC: OS supports [ASPM ClockPM Segments MSI]
[    0.340377] acpi PNP0A03:00: _OSC: not requesting OS control; OS requires [ExtendedConfig ASPM ClockPM MSI]
[    0.344009] acpi PNP0A03:00: fail to add MMCONFIG information, can't access extended PCI configuration space under this bridge.
[    0.352272] PCI host bridge to bus 0000:00
[    0.354361] pci_bus 0000:00: root bus resource [io  0x0000-0x0cf7 window]
[    0.356004] pci_bus 0000:00: root bus resource [io  0x0d00-0xffff window]
[    0.360002] pci_bus 0000:00: root bus resource [mem 0x000a0000-0x000bffff window]
[    0.364002] pci_bus 0000:00: root bus resource [mem 0x40000000-0xfdffffff window]
[    0.368002] pci_bus 0000:00: root bus resource [bus 00-ff]
[    0.376274] pci 0000:00:01.1: legacy IDE quirk: reg 0x10: [io  0x01f0-0x01f7]
[    0.380002] pci 0000:00:01.1: legacy IDE quirk: reg 0x14: [io  0x03f6]
[    0.383491] pci 0000:00:01.1: legacy IDE quirk: reg 0x18: [io  0x0170-0x0177]
[    0.384002] pci 0000:00:01.1: legacy IDE quirk: reg 0x1c: [io  0x0376]
[    0.401640] pci 0000:00:07.0: quirk: [io  0x4000-0x403f] claimed by PIIX4 ACPI
[    0.404023] pci 0000:00:07.0: quirk: [io  0x4100-0x410f] claimed by PIIX4 SMB
[    0.416438] ACPI: PCI Interrupt Link [LNKA] (IRQs 5 9 10 *11)
[    0.419686] ACPI: PCI Interrupt Link [LNKB] (IRQs 5 9 *10 11)
[    0.420129] ACPI: PCI Interrupt Link [LNKC] (IRQs 5 *9 10 11)
[    0.424129] ACPI: PCI Interrupt Link [LNKD] (IRQs 5 9 10 *11)
[    0.428484] SCSI subsystem initialized
[    0.432000] pci 0000:00:02.0: vgaarb: setting as boot VGA device
[    0.436001] pci 0000:00:02.0: vgaarb: VGA device added: decodes=io+mem,owns=io+mem,locks=none
[    0.440004] pci 0000:00:02.0: vgaarb: bridge control possible
[    0.444002] vgaarb: loaded
[    0.448050] ACPI: bus type USB registered
[    0.450439] usbcore: registered new interface driver usbfs
[    0.452006] usbcore: registered new interface driver hub
[    0.456019] usbcore: registered new device driver usb
[    0.464025] EDAC MC: Ver: 3.0.0
[    0.468066] PCI: Using ACPI for IRQ routing
[    0.471056] NetLabel: Initializing
[    0.472002] NetLabel:  domain hash size = 128
[    0.474531] NetLabel:  protocols = UNLABELED CIPSOv4 CALIPSO
[    0.476026] NetLabel:  unlabeled traffic allowed by default
[    0.480144] clocksource: Switched to clocksource kvm-clock
[    0.508932] VFS: Disk quotas dquot_6.6.0
[    0.512067] VFS: Dquot-cache hash table entries: 512 (order 0, 4096 bytes)
[    0.516274] AppArmor: AppArmor Filesystem Enabled
[    0.519032] pnp: PnP ACPI init
[    0.522158] pnp: PnP ACPI: found 3 devices
[    0.530941] clocksource: acpi_pm: mask: 0xffffff max_cycles: 0xffffff, max_idle_ns: 2085701024 ns
[    0.535877] NET: Registered protocol family 2
[    0.538959] IP idents hash table entries: 16384 (order: 5, 131072 bytes)
[    0.543231] TCP established hash table entries: 8192 (order: 4, 65536 bytes)
[    0.547473] TCP bind hash table entries: 8192 (order: 5, 131072 bytes)
[    0.551613] TCP: Hash tables configured (established 8192 bind 8192)
[    0.555555] UDP hash table entries: 512 (order: 2, 16384 bytes)
[    0.558955] UDP-Lite hash table entries: 512 (order: 2, 16384 bytes)
[    0.562791] NET: Registered protocol family 1
[    0.565459] pci 0000:00:00.0: Limiting direct PCI/PCI transfers
[    0.569019] pci 0000:00:01.0: Activating ISA DMA hang workarounds
[    0.572586] pci 0000:00:02.0: Video device with shadowed ROM at [mem 0x000c0000-0x000dffff]
[    0.577417] Unpacking initramfs...
[    0.650800] Freeing initrd memory: 19532K
[    0.887959] clocksource: tsc: mask: 0xffffffffffffffff max_cycles: 0x2135f5e6f15, max_idle_ns: 440795231538 ns
[    0.893552] platform rtc_cmos: registered platform RTC device (no PNP device found)
[    0.898012] Scanning for low memory corruption every 60 seconds
[    0.902523] Initialise system trusted keyrings
[    0.905184] Key type blacklist registered
[    0.907993] workingset: timestamp_bits=36 max_order=18 bucket_order=0
[    0.912907] zbud: loaded
[    0.915427] squashfs: version 4.0 (2009/01/31) Phillip Lougher
[    0.919337] fuse init (API version 7.26)
[    0.932576] Key type asymmetric registered
[    0.934963] Asymmetric key parser 'x509' registered
[    0.937904] Block layer SCSI generic (bsg) driver version 0.4 loaded (major 246)
[    0.942384] io scheduler noop registered
[    0.944960] io scheduler deadline registered
[    0.947447] io scheduler cfq registered (default)
[    0.950866] ACPI: AC Adapter [AC] (on-line)
[    0.953617] input: Power Button as /devices/LNXSYSTM:00/LNXPWRBN:00/input/input0
[    0.957956] ACPI: Power Button [PWRF]
[    0.960365] input: Sleep Button as /devices/LNXSYSTM:00/LNXSLPBN:00/input/input1
[    0.964560] ACPI: Sleep Button [SLPF]
[    0.967333] Serial: 8250/16550 driver, 32 ports, IRQ sharing enabled
[    0.968197] ACPI: Battery Slot [BAT0] (battery present)
[   0.997784] 00:02: ttyS0 at I/O 0x3f8 (irq = 4, base_baud = 115200) is a 16550A
[    1.003592] Linux agpgart interface v0.103
[    1.009717] loop: module loaded
[    1.013707] scsi host0: ata_piix
[    1.016535] scsi host1: ata_piix
[    1.018581] ata1: PATA max UDMA/33 cmd 0x1f0 ctl 0x3f6 bmdma 0xd000 irq 14
[    1.022570] ata2: PATA max UDMA/33 cmd 0x170 ctl 0x376 bmdma 0xd008 irq 15
[    1.026516] tun: Universal TUN/TAP device driver, 1.6
[    1.030290] PPP generic driver version 2.4.2
[    1.032894] ehci_hcd: USB 2.0 'Enhanced' Host Controller (EHCI) Driver
[    1.036750] ehci-pci: EHCI PCI platform driver
[    1.039350] ehci-platform: EHCI generic platform driver
[    1.042377] ohci_hcd: USB 1.1 'Open' Host Controller (OHCI) Driver
[    1.045894] ohci-pci: OHCI PCI platform driver
[    1.048643] ohci-platform: OHCI generic platform driver
[    1.051582] uhci_hcd: USB Universal Host Controller Interface driver
[    1.055208] i8042: PNP: PS/2 Controller [PNP0303:PS2K,PNP0f03:PS2M] at 0x60,0x64 irq 1,12
[    1.062103] serio: i8042 KBD port at 0x60,0x64 irq 1
[    1.065091] serio: i8042 AUX port at 0x60,0x64 irq 12
[    1.068060] mousedev: PS/2 mouse device common for all mice
[    1.072479] input: AT Translated Set 2 keyboard as /devices/platform/i8042/serio0/input/input2
[    1.078748] rtc_cmos rtc_cmos: rtc core: registered rtc_cmos as rtc0
[    1.082363] rtc_cmos rtc_cmos: alarms up to one day, 114 bytes nvram
[    1.085797] i2c /dev entries driver
[    1.087803] device-mapper: uevent: version 1.0.3
[    1.090522] device-mapper: ioctl: 4.37.0-ioctl (2017-09-20) initialised: dm-devel@redhat.com
[    1.095169] ledtrig-cpu: registered to indicate activity on CPUs
[    1.099810] NET: Registered protocol family 10
[    1.108860] Segment Routing with IPv6
[    1.110814] NET: Registered protocol family 17
[    1.113588] Key type dns_resolver registered
[    1.116580] mce: Using 0 MCE banks
[    1.118381] RAS: Correctable Errors collector initialized.
[    1.121303] sched_clock: Marking stable (1121270979, 0)->(1496674491, -375403512)
[    1.128186] registered taskstats version 1
[    1.130301] Loading compiled-in X.509 certificates
[    1.137061] Loaded X.509 cert 'Build time autogenerated kernel key: 05d3fa630a0ed8a65520e390196b077fd5e65720'
[    1.142277] Loaded X.509 cert 'Canonical Ltd. Live Patch Signing: 14df34d1a87cf37625abec039ef2bf521249b969'
[    1.147405] Loaded X.509 cert 'Canonical Ltd. Kernel Module Signing: 88f752e560a1e0737e31163a466ad7b70a850c19'
[    1.152370] blacklist: Loading compiled-in revocation X.509 certificates
[    1.155706] Loaded X.509 cert 'Canonical Ltd. Secure Boot Signing: 61482aa2830d0ab2ad5af10b7250da9033ddcef0'
[    1.160669] Loaded X.509 cert 'Canonical Ltd. Secure Boot Signing (2017): 242ade75ac4a15e50d50c84b0d45ff3eae707a03'
[    1.165927] Loaded X.509 cert 'Canonical Ltd. Secure Boot Signing (ESM 2018): 365188c1d374d6b07c3c8f240f8ef722433d6a8b'
[    1.171550] Loaded X.509 cert 'Canonical Ltd. Secure Boot Signing (2019): c0746fd6c5da3ae827864651ad66ae47fe24b3e8'
[    1.178116] Loaded X.509 cert 'Canonical Ltd. Secure Boot Signing (2021 v1): a8d54bbb3825cfb94fa13c9f8a594a195c107b8d'
[    1.183496] Loaded X.509 cert 'Canonical Ltd. Secure Boot Signing (2021 v2): 4cf046892d6fd3c9a5b03f98d845f90851dc6a8c'
[    1.196279] Loaded X.509 cert 'Canonical Ltd. Secure Boot Signing (2021 v3): 100437bb6de6e469b581e61cd66bce3ef4ed53af'
[    1.201716] Loaded X.509 cert 'Canonical Ltd. Secure Boot Signing (Ubuntu Core 2019): c1d57b8f6b743f23ee41f4f7ee292f06eecadfb9'
[    1.207580] zswap: loaded using pool lzo/zbud
[    1.237730] Key type big_key registered
[    1.240655] Key type trusted registered
[    1.245919] Key type encrypted registered
[    1.248457] AppArmor: AppArmor sha1 policy hashing enabled
[    1.251575] ima: No TPM chip found, activating TPM-bypass! (rc=-19)
[    1.255453] ima: Allocated hash algorithm: sha1
[    1.258186] evm: HMAC attrs: 0x1
[    1.260849]   Magic number: 3:628:211
[    1.263512] rtc_cmos rtc_cmos: setting system clock to 2023-04-14 04:14:56 UTC (1681445696)
[    1.268507] BIOS EDD facility v0.16 2004-Jun-25, 0 devices found
[    1.271841] EDD information not available.
[    1.276507] Freeing unused kernel image memory: 2480K
[    1.302533] Write protecting the kernel read-only data: 20480k
[    1.307565] Freeing unused kernel image memory: 2008K
[    1.310825] Freeing unused kernel image memory: 1820K
[    1.317136] x86/mm: Checked W+X mappings: passed, no W+X pages found.
Loading, please wait...
starting version 237
[    1.368766] e1000: Intel(R) PRO/1000 Network Driver - version 7.3.21-k8-NAPI
[    1.372394] e1000: Copyright (c) 1999-2006 Intel Corporation.
[    1.379722] Fusion MPT base driver 3.04.20
[    1.381851] Copyright (c) 1999-2008 LSI Corporation
[    1.407355] SSE version of gcm_enc/dec engaged.
[    1.414525] Fusion MPT SPI Host driver 3.04.20
[    1.616252] input: ImExPS/2 Generic Explorer Mouse as /devices/platform/i8042/serio1/input/input4
[    1.908434] e1000 0000:00:03.0 eth0: (PCI:33MHz:32-bit) 02:c6:32:08:e7:11
[    1.912211] e1000 0000:00:03.0 eth0: Intel(R) PRO/1000 Network Connection
[    2.563257] e1000 0000:00:08.0 eth1: (PCI:33MHz:32-bit) 08:00:27:65:e9:d0
[    2.567089] e1000 0000:00:08.0 eth1: Intel(R) PRO/1000 Network Connection
[    2.572757] e1000 0000:00:03.0 enp0s3: renamed from eth0
[    2.576588] mptbase: ioc0: Initiating bringup
[    2.601243] e1000 0000:00:08.0 enp0s8: renamed from eth1
[    3.444161] ioc0: LSI53C1030 A0: Capabilities={Initiator}
[    4.442708] scsi host2: ioc0: LSI53C1030 A0, FwRev=00000000h, Ports=1, MaxQ=256, IRQ=20
[    4.661254] scsi 2:0:0:0: Direct-Access     VBOX     HARDDISK         1.0  PQ: 0 ANSI: 5
[    4.692234] scsi target2:0:0: Beginning Domain Validation
[    4.698948] scsi target2:0:0: Domain Validation skipping write tests
[    4.702300] scsi target2:0:0: Ending Domain Validation
[    4.705340] scsi target2:0:0: asynchronous
[    4.708693] scsi 2:0:1:0: Direct-Access     VBOX     HARDDISK         1.0  PQ: 0 ANSI: 5
[    6.162981] scsi target2:0:1: Beginning Domain Validation
[    6.170518] scsi target2:0:1: Domain Validation skipping write tests
[    6.173645] scsi target2:0:1: Ending Domain Validation
[    6.176431] scsi target2:0:1: asynchronous
[    6.185680] sd 2:0:0:0: Attached scsi generic sg0 type 0
[    6.186333] sd 2:0:0:0: [sda] 83886080 512-byte logical blocks: (42.9 GB/40.0 GiB)
[    6.193499] sd 2:0:1:0: Attached scsi generic sg1 type 0
[    6.194385] sd 2:0:0:0: [sda] Write Protect is off
[    6.200444] sd 2:0:1:0: [sdb] 20480 512-byte logical blocks: (10.5 MB/10.0 MiB)
[    6.205538] sd 2:0:1:0: [sdb] Write Protect is off
[    6.210026] sd 2:0:0:0: [sda] Incomplete mode parameter data
[    6.210214] sd 2:0:1:0: [sdb] Incomplete mode parameter data
[    6.213355] sd 2:0:0:0: [sda] Assuming drive cache: write through
[    6.220429] sd 2:0:1:0: [sdb] Assuming drive cache: write through
[    6.226472]  sda: sda1
[    6.230087] sd 2:0:0:0: [sda] Attached SCSI disk
[    6.230271] sd 2:0:1:0: [sdb] Attached SCSI disk
Begin: Loading essential drivers ... [    8.350725] raid6: sse2x1   gen() 165158 MB/s
[   10.350039] raid6: sse2x1   xor() 274069 MB/s
[   12.355862] raid6: sse2x2   gen() 563710 MB/s
[   13.401018] raid6: sse2x2   xor() 18700 MB/s
[   13.465501] raid6: sse2x4   gen() 28636 MB/s
[   13.530193] raid6: sse2x4   xor() 18100 MB/s
[   13.533241] raid6: using algorithm sse2x2 gen() 563710 MB/s
[   13.536430] raid6: .... xor() 18700 MB/s, rmw enabled
[   13.539291] raid6: using ssse3x2 recovery algorithm
[   13.543654] xor: measuring software checksum speed
[   13.584876]    prefetch64-sse: 27113.000 MB/sec
[   13.624839]    generic_sse: 25472.000 MB/sec
[   13.627578] xor: using function: prefetch64-sse (27113.000 MB/sec)
[   13.632084] async_tx: api initialized (async)
done.
Begin: Running /scripts/init-premount ... done.
Begin: Mounting root file system ... Begin: Running /scripts/local-top ... done.
Begin: Running /scripts/local-premount ... [   13.675175] Btrfs loaded, crc32c=crc32c-intel
Scanning for Btrfs filesystems
done.
Warning: fsck not present, so skipping root file system
[   13.712288] EXT4-fs (sda1): mounted filesystem with ordered data mode. Opts: (null)
done.
Begin: Running /scripts/local-bottom ... done.
Begin: Running /scripts/init-bottom ... done.
[   13.855530] ip_tables: (C) 2000-2006 Netfilter Core Team
[   13.869179] systemd[1]: systemd 237 running in system mode. (+PAM +AUDIT +SELINUX +IMA +APPARMOR +SMACK +SYSVINIT +UTMP +LIBCRYPTSETUP +GCRYPT +GNUTLS +ACL +XZ +LZ4 +SECCOMP +BLKID +ELFUTILS +KMOD -IDN2 +IDN -PCRE2 default-hierarchy=hybrid)
[   13.880316] systemd[1]: Detected virtualization oracle.
[   13.883120] systemd[1]: Detected architecture x86-64.

Welcome to [1mUbuntu 18.04.6 LTS[0m!

[   13.902797] systemd[1]: Set hostname to <ubuntu>.
[   13.908961] systemd[1]: Initializing machine ID from random generator.
[   13.912411] systemd[1]: Installed transient /etc/machine-id file.
[   14.135959] systemd[1]: Created slice System Slice.
[[0;32m  OK  [0m] Created slice System Slice.
[   14.142114] systemd[1]: Listening on Journal Audit Socket.
[[0;32m  OK  [0m] Listening on Journal Audit Socket.
[   14.147727] systemd[1]: Reached target Swap.
[[0;32m  OK  [0m] Reached target Swap.
[   14.152693] systemd[1]: Listening on Network Service Netlink Socket.
[[0;32m  OK  [0m] Listening on Network Service Netlink Socket.
[[0;32m  OK  [0m] Reached target Mounting snaps.
[[0;32m  OK  [0m] Reached target Mounted snaps.
[[0;32m  OK  [0m] Listening on udev Control Socket.
[[0;32m  OK  [0m] Listening on fsck to fsckd communication Socket.
[[0;32m  OK  [0m] Reached target User and Group Name Lookups.
[[0;32m  OK  [0m] Listening on Journal Socket.
         Mounting Huge Pages File System...
         Starting Load Kernel Modules...
         Mounting Kernel Debug File System...
         Mounting POSIX Message Queue File System...
[[0;32m  OK  [0m] Listening on Device-mapper event daemon FIFOs.
[[0;32m  OK  [0m] Listening on LVM2 poll daemon socket.
[[0;32m  OK  [0m] Created slice User and Session Slice.
[[   14.195013] Loading iSCSI transport class v2.0-870.
[0;32m  OK  [0m] Reached target Slices.
[[0;32m  OK  [0m] Listening on Syslog Socket.
[[0;32m  OK  [0m] Created slice system-serial\x2dgetty.slice.
[   14.205731] iscsi: registered transport (tcp)
         Starting File System Check on Root Device...
[[0;32m  OK  [0m] Listening on LVM2 metadata daemon socket.
         Starting Uncomplicated firewall...
[[0;32m  OK  [0m] Listening on /dev/initctl Compatibility Named Pipe.
[[0;32m  OK  [0m] Reached target System Time Synchronized.
[[0;32m  OK  [0m] Listening on udev Kernel Socket.
         Starting udev Coldplug all Devices...
[   14.230478] iscsi: registered transport (iser)
         Starting Set the console keyboard layout...
         Starting Monitoring of LVM2 mirrors…ng dmeventd or progress polling...
[[0;32m  OK  [0m] Started Forward Password Requests to Wall Directory Watch.
         Starting Create list of required st…ce nodes for the current kernel...
[[0;32m  OK  [0m] Listening on Journal Socket (/dev/log).
         Starting Journal Service...
[[0;32m  OK  [0m] Set up automount Arbitrary Executab…rmats File System Automount Point.
[[0;32m  OK  [0m] Mounted Huge Pages File System.
[[0;32m  OK  [0m] Started Load Kernel Modules.
[[0;32m  OK  [0m] Mounted Kernel Debug File System.
[[0;32m  OK  [0m] Mounted POSIX Message Queue File System.
[[0;32m  OK  [0m] Started Uncomplicated firewall.
[[0;32m  OK  [0m] Started Create list of required sta…vice nodes for the current kernel.
[[0;32m  OK  [0m] Started LVM2 metadata daemon.
[[0;32m  OK  [0m] Started File System Check Daemon to report status.
         Starting Create Static Device Nodes in /dev...
         Mounting Kernel Configuration File System...
         Mounting FUSE Control File System...
         Starting Apply Kernel Variables...
[[0;32m  OK  [0m] Mounted FUSE Control File System.
[[0;32m  OK  [0m] Mounted Kernel Configuration File System.
[[0;32m  OK  [0m] Started Journal Service.
[[0;32m  OK  [0m] Started udev Coldplug all Devices.
[[0;32m  OK  [0m] Started File System Check on Root Device.
         Starting Remount Root and Kernel File Systems...
[[0;32m  OK  [0m] Started Create Static Device Nodes in /dev.
[[0;32m  OK  [0m] Started Remount Root and Kernel File Systems.
         Starting udev Kernel Device Manager...
         Starting Load/Save Random Seed...
         Starting Flush Journal to Persistent Storage...
[[0;32m  OK  [0m] Started Monitoring of LVM2 mirrors,…sing dmeventd or progress polling.
[[0;32m  OK  [0m] Started Apply Kernel Variables.
[[0;32m  OK  [0m] Started Load/Save Random Seed.
[[0;32m  OK  [0m] Started udev Kernel Device Manager.
[[0;32m  OK  [0m] Started Flush Journal to Persistent Storage.
[[0;32m  OK  [0m] Found device /dev/ttyS0.
[[0;32m  OK  [0m] Listening on Load/Save RF Kill Switch Status /dev/rfkill Watch.
         Mounting Arbitrary Executable File Formats File System...
[[0;32m  OK  [0m] Mounted Arbitrary Executable File Formats File System.
[[0;32m  OK  [0m] Started Set the console keyboard layout.
[[0;32m  OK  [0m] Reached target Local File Systems (Pre).
[[0;32m  OK  [0m] Reached target Local File Systems.
         Starting ebtables ruleset management...
         Starting Create Volatile Files and Directories...
         Starting AppArmor initialization...
         Starting Commit a transient machine-id on disk...
         Starting Tell Plymouth To Write Out Runtime Data...
         Starting Set console font and keymap...
[[0;32m  OK  [0m] Started Dispatch Password Requests to Console Directory Watch.
[[0;32m  OK  [0m] Reached target Local Encrypted Volumes.
[[0;32m  OK  [0m] Started Tell Plymouth To Write Out Runtime Data.
[[0;32m  OK  [0m] Started Create Volatile Files and Directories.
         Starting Update UTMP about System Boot/Shutdown...
[[0;32m  OK  [0m] Started Update UTMP about System Boot/Shutdown.
[[0;32m  OK  [0m] Started Commit a transient machine-id on disk.
[[0;32m  OK  [0m] Started ebtables ruleset management.
[[0;32m  OK  [0m] Started AppArmor initialization.
         Starting Initial cloud-init job (pre-networking)...
         Starting Load AppArmor profiles managed internally by snapd...
[[0;32m  OK  [0m] Started Load AppArmor profiles managed internally by snapd.
[[0;32m  OK  [0m] Started Set console font and keymap.
[   16.698022] cloud-init[764]: Cloud-init v. 23.1.1-0ubuntu0~18.04.1 running 'init-local' at Fri, 14 Apr 2023 04:15:11 +0000. Up 16.45 seconds.
[[0;32m  OK  [0m] Started Initial cloud-init job (pre-networking).
[[0;32m  OK  [0m] Reached target Network (Pre).
         Starting Network Service...
[[0;32m  OK  [0m] Started Network Service.
         Starting Wait for Network to be Configured...
         Starting Network Name Resolution...
[[0;32m  OK  [0m] Started Network Name Resolution.
[[0;32m  OK  [0m] Reached target Network.
[[0;32m  OK  [0m] Reached target Host and Network Name Lookups.
[[0;32m  OK  [0m] Started Wait for Network to be Configured.
         Starting Initial cloud-init job (metadata service crawler)...
[   18.454700] cloud-init[930]: Cloud-init v. 23.1.1-0ubuntu0~18.04.1 running 'init' at Fri, 14 Apr 2023 04:15:13 +0000. Up 18.37 seconds.
[   18.457428] cloud-init[930]: ci-info: ++++++++++++++++++++++++++++++++++++++Net device info+++++++++++++++++++++++++++++++++++++++
[   18.459873] cloud-init[930]: ci-info: +--------+-------+----------------------------+---------------+--------+-------------------+
[   18.462297] cloud-init[930]: ci-info: | Device |   Up  |          Address           |      Mask     | Scope  |     Hw-Address    |
[   18.464719] cloud-init[930]: ci-info: +--------+-------+----------------------------+---------------+--------+-------------------+
[   18.467080] cloud-init[930]: ci-info: | enp0s3 |  True |         10.0.2.15          | 255.255.255.0 | global | 02:c6:32:08:e7:11 |
[   18.469418] cloud-init[930]: ci-info: | enp0s3 |  True | fe80::c6:32ff:fe08:e711/64 |       .       |  link  | 02:c6:32:08:e7:11 |
[   18.471821] cloud-init[930]: ci-info: | enp0s8 | False |             .              |       .       |   .    | 08:00:27:65:e9:d0 |
[   18.474159] cloud-init[930]: ci-info: |   lo   |  True |         127.0.0.1          |   255.0.0.0   |  host  |         .         |
[   18.476595] cloud-init[930]: ci-info: |   lo   |  True |          ::1/128           |       .       |  host  |         .         |
[   18.478933] cloud-init[930]: ci-info: +--------+-------+----------------------------+---------------+--------+-------------------+
[   18.481287] cloud-init[930]: ci-info: ++++++++++++++++++++++++++++Route IPv4 info+++++++++++++++++++++++++++++
[   18.483309] cloud-init[930]: ci-info: +-------+-------------+----------+-----------------+-----------+-------+
[   18.485256] cloud-init[930]: ci-info: | Route | Destination | Gateway  |     Genmask     | Interface | Flags |
[   18.487252] cloud-init[930]: ci-info: +-------+-------------+----------+-----------------+-----------+-------+
[   18.489236] cloud-init[930]: ci-info: |   0   |   0.0.0.0   | 10.0.2.2 |     0.0.0.0     |   enp0s3  |   UG  |
[   18.491269] cloud-init[930]: ci-info: |   1   |   10.0.2.0  | 0.0.0.0  |  255.255.255.0  |   enp0s3  |   U   |
[   18.493318] cloud-init[930]: ci-info: |   2   |   10.0.2.2  | 0.0.0.0  | 255.255.255.255 |   enp0s3  |   UH  |
[   18.495313] cloud-init[930]: ci-info: +-------+-------------+----------+-----------------+-----------+-------+
[   18.497373] cloud-init[930]: ci-info: +++++++++++++++++++Route IPv6 info+++++++++++++++++++
[   18.499054] cloud-init[930]: ci-info: +-------+-------------+---------+-----------+-------+
[   18.500693] cloud-init[930]: ci-info: | Route | Destination | Gateway | Interface | Flags |
[   18.502372] cloud-init[930]: ci-info: +-------+-------------+---------+-----------+-------+
[   18.504095] cloud-init[930]: ci-info: |   1   |  fe80::/64  |    ::   |   enp0s3  |   U   |
[   18.505766] cloud-init[930]: ci-info: |   3   |    local    |    ::   |   enp0s3  |   U   |
[   18.507373] cloud-init[930]: ci-info: |   4   |   ff00::/8  |    ::   |   enp0s3  |   U   |
[   18.509023] cloud-init[930]: ci-info: +-------+-------------+---------+-----------+-------+
[   19.132567] cloud-init[930]: Generating public/private rsa key pair.
[   19.134177] cloud-init[930]: Your identification has been saved in /etc/ssh/ssh_host_rsa_key.
[   19.136198] cloud-init[930]: Your public key has been saved in /etc/ssh/ssh_host_rsa_key.pub.
[   19.138097] cloud-init[930]: The key fingerprint is:
[   19.139198] cloud-init[930]: SHA256:jMgw1emS0kwAfG/E6xg0JcEJaiX5MyPIksFVhKp0LNo root@ubuntu-bionic
[   19.141164] cloud-init[930]: The key's randomart image is:
[   19.142345] cloud-init[930]: +---[RSA 2048]----+
[   19.143529] cloud-init[930]: |++**X= .         |
[   19.144885] cloud-init[930]: |o+oOooo          |
[   19.145921] cloud-init[930]: |++O++o.          |
[   19.147014] cloud-init[930]: |=*.%==.o         |
[   19.148171] cloud-init[930]: |=.+.@.. S        |
[   19.149231] cloud-init[930]: |o E. .           |
[   19.150294] cloud-init[930]: |                 |
[   19.160559] cloud-init[930]: |                 |
[   19.161743] cloud-init[930]: |                 |
[   19.162920] cloud-init[930]: +----[SHA256]-----+
[   19.164261] cloud-init[930]: Generating public/private dsa key pair.
[   19.165766] cloud-init[930]: Your identification has been saved in /etc/ssh/ssh_host_dsa_key.
[   19.167678] cloud-init[930]: Your public key has been saved in /etc/ssh/ssh_host_dsa_key.pub.
[   19.169656] cloud-init[930]: The key fingerprint is:
[   19.170826] cloud-init[930]: SHA256:HVaStrFd8LLZlyxr7xwTFu9qGLyFROcgCVFGq2epdjQ root@ubuntu-bionic
[   19.172786] cloud-init[930]: The key's randomart image is:
[   19.174051] cloud-init[930]: +---[DSA 1024]----+
[   19.175188] cloud-init[930]: |        o==oo.   |
[   19.176332] cloud-init[930]: |         .*+o.o  |
[   19.177424] cloud-init[930]: |         .+B.=.. |
[   19.178541] cloud-init[930]: |         +ooo=o +|
[   19.179640] cloud-init[930]: |        S Eooo.=o|
[   19.180834] cloud-init[930]: |         = .+ =o.|
[   19.181941] cloud-init[930]: |        o .  B o.|
[   19.183104] cloud-init[930]: |       . .  + +.o|
[   19.184452] cloud-init[930]: |             .o+ |
[   19.185634] cloud-init[930]: +----[SHA256]-----+
[   19.186736] cloud-init[930]: Generating public/private ecdsa key pair.
[   19.188260] cloud-init[930]: Your identification has been saved in /etc/ssh/ssh_host_ecdsa_key.
[   19.190174] cloud-init[930]: Your public key has been saved in /etc/ssh/ssh_host_ecdsa_key.pub.
[   19.192176] cloud-init[930]: The key fingerprint is:
[   19.193320] cloud-init[930]: SHA256:82ltcF6zAFFbR7Kjot/YagaJw+pBj+4js3zE1jOfW9M root@ubuntu-bionic
[   19.195239] cloud-init[930]: The key's randomart image is:
[   19.196497] cloud-init[930]: +---[ECDSA 256]---+
[   19.197597] cloud-init[930]: |          ... o.o|
[   19.198635] cloud-init[930]: |           . o + |
[   19.199666] cloud-init[930]: |          . . o  |
[   19.200728] cloud-init[930]: |           . . . |
[   19.201870] cloud-init[930]: |   ..o .S.o + o  |
[   19.202894] cloud-init[930]: |   .+oB o+ O o o |
[   19.204267] cloud-init[930]: |   oo..=.o* E .  |
[   19.205415] cloud-init[930]: | .o.+.  o+o*     |
[   19.206626] cloud-init[930]: |  oB+.  .++.o    |
[   19.207703] cloud-init[930]: +----[SHA256]-----+
[   19.208780] cloud-init[930]: Generating public/private ed25519 key pair.
[   19.210325] cloud-init[930]: Your identification has been saved in /etc/ssh/ssh_host_ed25519_key.
[   19.212234] cloud-init[930]: Your public key has been saved in /etc/ssh/ssh_host_ed25519_key.pub.
[   19.214316] cloud-init[930]: The key fingerprint is:
[   19.215500] cloud-init[930]: SHA256:uwZJGfXu7mA+mYiHxxPj3StWOAs73UlR5xYvVA09t1Q root@ubuntu-bionic
[   19.217529] cloud-init[930]: The key's randomart image is:
[   19.218776] cloud-init[930]: +--[ED25519 256]--+
[   19.219888] cloud-init[930]: |       ..     .+E|
[   19.220965] cloud-init[930]: |      .  .  . +o+|
[   19.222038] cloud-init[930]: |       o  .. +.o+|
[   19.223069] cloud-init[930]: |      o  ..   +..|
[   19.224325] cloud-init[930]: |     . .S... . . |
[   19.225411] cloud-init[930]: |      * ooo      |
[   19.226502] cloud-init[930]: |     = X+X..     |
[   19.227531] cloud-init[930]: |    o Xo@++      |
[   19.228725] cloud-init[930]: |     o =o++.     |
[   19.229836] cloud-init[930]: +----[SHA256]-----+
[[0;32m  OK  [0m] Started Initial cloud-init job (metadata service crawler).
[[0;32m  OK  [0m] Reached target Cloud-config availability.
[[0;32m  OK  [0m] Reached target Network is Online.
         Starting Availability of block devices...
[[0;32m  OK  [0m] Reached target Remote File Systems (Pre).
[[0;32m  OK  [0m] Reached target Remote File Systems.
[[0;32m  OK  [0m] Reached target System Initialization.
[[0;32m  OK  [0m] Listening on cloud-init hotplug hook socket.
[[0;32m  OK  [0m] Listening on D-Bus System Message Bus Socket.
         Starting LXD - unix socket.
[[0;32m  OK  [0m] Listening on Open-iSCSI iscsid Socket.
[[0;32m  OK  [0m] Started Daily apt download activities.
[[0;32m  OK  [0m] Started Daily apt upgrade and clean activities.
[[0;32m  OK  [0m] Started Ubuntu Advantage Timer for running repeated jobs.
         Starting Socket activation for snappy daemon.
[[0;32m  OK  [0m] Started ACPI Events Check.
[[0;32m  OK  [0m] Listening on UUID daemon activation socket.
[[0;32m  OK  [0m] Started Message of the Day.
[[0;32m  OK  [0m] Reached target Paths.
[[0;32m  OK  [0m] Started Daily Cleanup of Temporary Directories.
[[0;32m  OK  [0m] Listening on ACPID Listen Socket.
[[0;32m  OK  [0m] Started Discard unused blocks once a week.
[[0;32m  OK  [0m] Reached target Timers.
[[0;32m  OK  [0m] Started Availability of block devices.
[[0;32m  OK  [0m] Listening on LXD - unix socket.
[[0;32m  OK  [0m] Listening on Socket activation for snappy daemon.
[[0;32m  OK  [0m] Reached target Sockets.
[[0;32m  OK  [0m] Reached target Basic System.
[[0;32m  OK  [0m] Started FUSE filesystem for LXC.
         Starting Permit User Sessions...
[[0;32m  OK  [0m] Started Deferred execution scheduler.
         Starting Virtualbox guest utils...
[[0;32m  OK  [0m] Started D-Bus System Message Bus.
         Starting Login Service...
[[0;32m  OK  [0m] Started Regular background program processing daemon.
[[0;32m  OK  [0m] Started irqbalance daemon.
         Starting System Logging Service...
         Starting LSB: automatic crash report generation...
[[0;32m  OK  [0m] Reached target Login Prompts (Pre).
         Starting LSB: Record successful boot for GRUB...
         Starting Dispatcher daemon for systemd-networkd...
         Starting Pollinate to seed the pseudo random number generator...
         Starting Accounts Service...
         Starting Snap Daemon...
         Starting LXD - container startup/shutdown...
[[0;32m  OK  [0m] Started System Logging Service.
[[0;32m  OK  [0m] Started Permit User Sessions.
[[0;32m  OK  [0m] Started Login Service.
[[0;32m  OK  [0m] Started Unattended Upgrades Shutdown.
         Starting Terminate Plymouth Boot Screen...
         Starting Hold until boot process finishes up...
[[0;32m  OK  [0m] Started Hold until boot process finishes up.
[[0;32m  OK  [0m] Started Serial Getty on ttyS0.
         Starting Set console scheme...
[[0;32m  OK  [0m] Started Terminate Plymouth Boot Screen.
[[0;32m  OK  [0m] Started LSB: automatic crash report generation.
[[0;32m  OK  [0m] Started Set console scheme.
[[0;32m  OK  [0m] Created slice system-getty.slice.
[[0;32m  OK  [0m] Started Getty on tty1.
[[0;32m  OK  [0m] Reached target Login Prompts.
         Starting Authorization Manager...
[[0;32m  OK  [0m] Started LSB: Record successful boot for GRUB.
[[0;32m  OK  [0m] Started Virtualbox guest utils.
[[0;32m  OK  [0m] Started Authorization Manager.
[[0;32m  OK  [0m] Started Accounts Service.
[[0;32m  OK  [0m] Started LXD - container startup/shutdown.
[[0;32m  OK  [0m] Started Dispatcher daemon for systemd-networkd.
[[0;32m  OK  [0m] Started Snap Daemon.
         Starting Wait until snapd is fully seeded...
         Starting Time & Date Service...
[[0;32m  OK  [0m] Started Time & Date Service.
[[0;32m  OK  [0m] Started Pollinate to seed the pseudo random number generator.
         Starting OpenBSD Secure Shell server...
[[0;32m  OK  [0m] Started OpenBSD Secure Shell server.
[[0;32m  OK  [0m] Created slice User Slice of vagrant.
         Starting User Manager for UID 1000...
[[0;32m  OK  [0m] Started Session 1 of user vagrant.
[[0;32m  OK  [0m] Started User Manager for UID 1000.
[   25.555593] cloud-init[1812]: Cloud-init v. 23.1.1-0ubuntu0~18.04.1 running 'modules:config' at Fri, 14 Apr 2023 04:15:20 +0000. Up 25.26 seconds.

Ubuntu 18.04.6 LTS ubuntu-bionic ttyS0

ubuntu-bionic login: ci-info: no authorized SSH keys fingerprints found for user ubuntu.
<14>Apr 14 04:15:21 cloud-init: #############################################################
<14>Apr 14 04:15:21 cloud-init: -----BEGIN SSH HOST KEY FINGERPRINTS-----
<14>Apr 14 04:15:21 cloud-init: 1024 SHA256:HVaStrFd8LLZlyxr7xwTFu9qGLyFROcgCVFGq2epdjQ root@ubuntu-bionic (DSA)
<14>Apr 14 04:15:21 cloud-init: 256 SHA256:82ltcF6zAFFbR7Kjot/YagaJw+pBj+4js3zE1jOfW9M root@ubuntu-bionic (ECDSA)
<14>Apr 14 04:15:21 cloud-init: 256 SHA256:uwZJGfXu7mA+mYiHxxPj3StWOAs73UlR5xYvVA09t1Q root@ubuntu-bionic (ED25519)
<14>Apr 14 04:15:21 cloud-init: 2048 SHA256:jMgw1emS0kwAfG/E6xg0JcEJaiX5MyPIksFVhKp0LNo root@ubuntu-bionic (RSA)
<14>Apr 14 04:15:21 cloud-init: -----END SSH HOST KEY FINGERPRINTS-----
<14>Apr 14 04:15:21 cloud-init: #############################################################
-----BEGIN SSH HOST KEY KEYS-----
ecdsa-sha2-nistp256 AAAAE2VjZHNhLXNoYTItbmlzdHAyNTYAAAAIbmlzdHAyNTYAAABBBD+ug0UsKr+JvXkvkWuY0q3gWiAVzMu0w7sevV0AaZ9hK9tDSEQxuTwWxoyNfAxgJFk6NTj2GP92Oqb6S9/I/Q4= root@ubuntu-bionic
ssh-ed25519 AAAAC3NzaC1lZDI1NTE5AAAAIGA+eiJt8RbbdISYowqGDCHz+OW1pxfMh5fqYwf9Pyyp root@ubuntu-bionic
ssh-rsa AAAAB3NzaC1yc2EAAAADAQABAAABAQCXKr4oSdYB9D7LXW84RWF+bHs8ywgOnb/hGfHd2nCnwt2N4E+M5ERO1NUrQzQQlOrS0qQ+8mILIDVfLIgWlcU/PmsD5kWq5zn4GLnlnLcwVjhfalsI5ofjaw7h94XnMtQtW34I4JKzNPU4KCk3lMdS+D6tiwdvzlBKc8lClN20oEbdtWSyL8eC0xh5NkR+kcMIeeNaA0+yAU0e5Mi4qSgnt17wcmWef9oyX3QgMDmFf15wlZh1SsMZ4wIfNHYXcXLKnFUMWnFBAW+JxvwBMqXwullR2/MgkmuoVEvvJwgljT4pa5j8Kyx4I6DnuOvyfPJ97p8mS8KtZag2jF3l0//h root@ubuntu-bionic
-----END SSH HOST KEY KEYS-----
[   26.040860] cloud-init[1895]: Cloud-init v. 23.1.1-0ubuntu0~18.04.1 running 'modules:final' at Fri, 14 Apr 2023 04:15:21 +0000. Up 25.86 seconds.
[   26.040943] cloud-init[1895]: Cloud-init v. 23.1.1-0ubuntu0~18.04.1 finished at Fri, 14 Apr 2023 04:15:21 +0000. Datasource DataSourceNoCloud [seed=/dev/sdb][dsmode=net].  Up 26.03 seconds
